<?xml version="1.0" encoding="UTF-8"?>
<!-- Generated by org.testng.reporters.JUnitXMLReporter -->
<testsuite ignored="0" hostname="DESKTOP-CV85T7O" failures="1" tests="1" name="Default test" time="2.526" errors="0" timestamp="2025-10-26T13:53:38 IST">
  <testcase classname="com.rev.admin.tests.ProcedrueLoading" name="procedureLoadingStatusCodeAndResponseVerification" time="2.378">
    <failure type="java.lang.AssertionError" message="1 expectation failed.
JSON path $ doesn&amp;apos;t match.
Expected: is an instance of java.util.List
  Actual: &amp;lt;{docs=[{id=6649be9c16ad72f0c4b318c5, addOnProcedures=[], addOnOnly=false, procedureName=Auto Liver 1509, isGeneralProcedure=false, isDeaOnly=false, isRevPrivate=true, procedureCategory=[{id=655c46d444a480647a72e76a, procedureCategoryName=Soriasis, procedureCategoryEffectiveDate=2023-11-20T05:57:26.305Z, icon=stars, deletedInfoField={isDeleted=false}, createdAt=2023-11-21T05:57:40.690Z, updatedAt=2025-06-04T14:03:46.182Z, categoryIcon={id=671f54af260d64d48d04bac8, mediaType=Home Screen Icon Image, deletedInfoField={isDeleted=false}, ownerId=d60897b2-c527-4ec3-b686-f29d9df50970, filename=iv therapy-5.png, mimeType=image/png, filesize=2294, width=176, height=129, createdAt=2024-10-28T09:09:03.296Z, updatedAt=2024-10-28T09:09:03.296Z, muxVideo={}, url=https://d2hq8lgymb4gmu.cloudfront.net/iv therapy-5.png}, isRevPrivate=false, procedureCategoryTermDate=2025-06-02T18:30:00.000Z}, {id=658024c08d62184b7bc90735, procedureCategoryName=Get Fit, procedureCategoryEffectiveDate=2023-12-16T10:53:43.956Z, icon=home-grey, deletedInfoField={isDeleted=false}, createdAt=2023-12-18T10:53:52.012Z, updatedAt=2025-10-22T11:10:14.647Z, isRevPrivate=true, procedureCategoryTermDate=null, categoryIcon={id=671f54af260d64d48d04bac8, mediaType=Home Screen Icon Image, deletedInfoField={isDeleted=false}, ownerId=d60897b2-c527-4ec3-b686-f29d9df50970, filename=iv therapy-5.png, mimeType=image/png, filesize=2294, width=176, height=129, createdAt=2024-10-28T09:09:03.296Z, updatedAt=2024-10-28T09:09:03.296Z, muxVideo={}, url=https://d2hq8lgymb4gmu.cloudfront.net/iv therapy-5.png}}, {id=66dff0b8581bd8c5d3039d9b, procedureCategoryName=Auto provider 1, isRevPrivate=true, procedureCategoryEffectiveDate=2024-09-09T18:30:00.000Z, icon=thermometer, deletedInfoField={isDeleted=false}, createdAt=2024-09-10T07:09:44.043Z, updatedAt=2025-06-04T09:31:51.820Z, categoryIcon={id=67ed18172b5e0b4b2da6ead5, mediaType=Home Screen Icon Image, deletedInfoField={isDeleted=false}, muxVideo={}, ownerId=bca07747-e1e1-4cc5-bebc-010003b23d2f, filename=medical-team-3.png, mimeType=image/png, filesize=51975, width=512, height=512, createdAt=2025-04-02T10:57:27.536Z, updatedAt=2025-04-02T10:57:27.536Z, url=https://d2hq8lgymb4gmu.cloudfront.net/medical-team-3.png}, procedureCategoryTermDate=2025-06-02T18:30:00.000Z}, {id=6715248646ce24852150961d, procedureCategoryName=Great Hair, isRevPrivate=true, procedureCategoryEffectiveDate=2024-10-21T11:36:05.300Z, icon=house-down-fill, deletedInfoField={isDeleted=false}, createdAt=2024-10-20T15:40:54.676Z, updatedAt=2025-10-22T11:32:01.753Z, procedureCategoryTermDate=2033-06-29T18:30:00.000Z, categoryIcon={id=67c88d745979ce40f64aac48, mediaType=Home Screen Icon Image, deletedInfoField={isDeleted=false}, muxVideo={}, ownerId=d60897b2-c527-4ec3-b686-f29d9df50970, filename=Primarey care.png, mimeType=image/png, filesize=18862, width=334, height=324, createdAt=2025-03-05T17:44:20.333Z, updatedAt=2025-03-05T17:44:20.333Z, url=https://d2hq8lgymb4gmu.cloudfront.net/Primarey care.png}}, {id=64dfb86cafa198c0e82f7873, procedureCategoryName=Women&amp;apos;s Health, procedureCategoryEffectiveDate=2025-04-30T18:30:00.000Z, procedureCategoryTermDate=2025-09-30T18:30:00.000Z, createdAt=2023-08-18T18:29:00.631Z, updatedAt=2025-10-22T11:21:54.557Z, deletedInfoField={isDeleted=false}, icon=stars, isRevPrivate=false, categoryIcon={id=671f54af260d64d48d04bac8, mediaType=Home Screen Icon Image, deletedInfoField={isDeleted=false}, ownerId=d60897b2-c527-4ec3-b686-f29d9df50970, filename=iv therapy-5.png, mimeType=image/png, filesize=2294, width=176, height=129, createdAt=2024-10-28T09:09:03.296Z, updatedAt=2024-10-28T09:09:03.296Z, muxVideo={}, url=https://d2hq8lgymb4gmu.cloudfront.net/iv therapy-5.png}}], procedureSymptoms=[{id=652988f765c74335f0e5fe4b, symptomName=Memory Problems, deletedInfoField={isDeleted=false}, createdAt=2023-10-13T18:14:15.557Z, updatedAt=2023-10-13T18:14:15.557Z, effectiveDate=2023-08-15T00:00:00.000Z}], symptoms=[{symptomName=Memory Problems, id=68fdd188d48324000133caba}], procedureImage={id=67f4182ee5fb410e3d3e3263, mediaType=Procedure Image, deletedInfoField={isDeleted=false}, muxVideo={}, ownerId=d60897b2-c527-4ec3-b686-f29d9df50970, filename=revkids_eprescription.jpg, mimeType=image/jpeg, filesize=4515303, width=6144, height=3240, createdAt=2025-04-07T18:23:42.238Z, updatedAt=2025-04-07T18:23:42.238Z, url=https://d2hq8lgymb4gmu.cloudfront.net/revkids_eprescription.jpg}, cptCode=, procedureTime=7, aboutText=Liver Damage, procedureStepsText=1. step 1
2. step 2, groupProcedure=false, postCareInstructionsText=post care 2, orderingDependent=false, procedureEffectiveDate=2024-05-19T08:48:51.162Z, providerTypes=[{id=655e2fabc4476b513f8d4bfc, providerTypeName=DO, createdAt=2023-08-15T18:37:06.735Z, updatedAt=2023-10-17T20:10:18.373Z, requiresSpecialtyType=true, canSupervise=true, deletedInfoField={isDeleted=false}, canCreatePrivatePractice=true, canPrescribe=true, isVetProviderType=false, selectable=true, hasDoctorTitle=true, countryCodes=[US, CA], fellowship=true, mohBillingNumber=true, orderSupplies=true, residency=true, programCreation=true, revPractice=true, hideSupervision=false}, {id=64dbc5d214d9e622cbc0d9d0, providerTypeName=MD, createdAt=2023-08-15T18:37:06.735Z, updatedAt=2023-10-17T20:10:18.373Z, requiresSpecialtyType=true, canSupervise=true, deletedInfoField={isDeleted=false}, canCreatePrivatePractice=true, canPrescribe=true, isVetProviderType=false, selectable=true, hasDoctorTitle=true, countryCodes=[US, CA], fellowship=true, mohBillingNumber=true, orderSupplies=true, residency=true, programCreation=true, revPractice=true, hideSupervision=false}, {id=655e2f5cc4476b513f8d4bfa, providerTypeName=APN, createdAt=2023-08-15T18:37:20.566Z, updatedAt=2023-10-16T13:31:58.997Z, requiresSpecialtyType=false, canSupervise=false, deletedInfoField={isDeleted=false}, canCreatePrivatePractice=false, canPrescribe=true, isVetProviderType=false, selectable=true, countryCodes=[US, CA], fellowship=false, mohBillingNumber=true, orderSupplies=true, residency=false, hideSupervision=false, programCreation=true, revPractice=true}, {id=64dbc5e014d9e622cbc0d9d8, providerTypeName=NP, createdAt=2023-08-15T18:37:20.566Z, updatedAt=2023-10-16T13:31:58.997Z, requiresSpecialtyType=false, canSupervise=false, deletedInfoField={isDeleted=false}, canCreatePrivatePractice=false, canPrescribe=true, isVetProviderType=false, selectable=true, countryCodes=[US, CA], programCreation=true, revPractice=true, orderSupplies=true}, {id=64dbc5f014d9e622cbc0d9e0, providerTypeName=DT, createdAt=2023-08-15T18:37:36.061Z, updatedAt=2023-10-16T13:32:04.893Z, requiresSpecialtyType=false, canSupervise=false, deletedInfoField={isDeleted=false}, canCreatePrivatePractice=false, canPrescribe=false, isVetProviderType=false, selectable=true, countryCodes=[US, CA], programCreation=false, revPractice=false, hideSupervision=true}, {id=64dbc5f914d9e622cbc0d9e8, providerTypeName=PA, createdAt=2023-08-15T18:37:45.179Z, updatedAt=2023-10-16T13:32:11.584Z, requiresSpecialtyType=false, canSupervise=false, deletedInfoField={isDeleted=false}, canCreatePrivatePractice=false, canPrescribe=true, isVetProviderType=false, selectable=true, countryCodes=[US, CA], fellowship=false, mohBillingNumber=false, orderSupplies=true, residency=false, programCreation=true, revPractice=false, hideSupervision=false}, {id=64dbc60114d9e622cbc0d9f0, providerTypeName=PHA, createdAt=2023-08-15T18:37:53.013Z, updatedAt=2023-10-16T13:32:17.408Z, requiresSpecialtyType=false, canSupervise=false, deletedInfoField={isDeleted=false}, canCreatePrivatePractice=false, canPrescribe=false, isVetProviderType=false, selectable=true, countryCodes=[US, CA], programCreation=true, revPractice=false, hideSupervision=true}, {id=65022a52462b67ed989dc046, providerTypeName=DDS, requiresSpecialtyType=false, createdAt=2023-09-13T21:32:02.555Z, updatedAt=2024-03-22T18:12:01.878Z, canSupervise=false, deletedInfoField={isDeleted=false}, canCreatePrivatePractice=false, canPrescribe=false, isVetProviderType=false, selectable=true, hasDoctorTitle=true, countryCodes=[US, CA], programCreation=true, revPractice=true, hideSupervision=true}, {id=650de7739c7984604397496f, providerTypeName=DMD, requiresSpecialtyType=false, createdAt=2023-09-22T19:13:55.127Z, updatedAt=2023-10-16T13:33:04.375Z, canSupervise=false, deletedInfoField={isDeleted=false}, canCreatePrivatePractice=false, canPrescribe=false, isVetProviderType=false, selectable=true, hasDoctorTitle=true, countryCodes=[US, CA], programCreation=true, revPractice=true, hideSupervision=true}, {id=651312c6c5977ccf874eecf5, providerTypeName=DPM, requiresSpecialtyType=false, createdAt=2023-09-26T17:20:06.950Z, updatedAt=2023-10-16T13:33:09.309Z, canSupervise=false, deletedInfoField={isDeleted=false}, canCreatePrivatePractice=false, canPrescribe=false, isVetProviderType=false, selectable=true, hasDoctorTitle=true, countryCodes=[US, CA], fellowship=true, mohBillingNumber=true, orderSupplies=false, residency=true, hideSupervision=true, programCreation=true, revPractice=true}, {id=652d3b2d50161ec366ec3b31, providerTypeName=DC, requiresSpecialtyType=false, canSupervise=false, deletedInfoField={isDeleted=false}, createdAt=2023-10-16T13:31:25.863Z, updatedAt=2023-10-16T13:31:25.863Z, canCreatePrivatePractice=false, canPrescribe=false, isVetProviderType=false, selectable=true, hasDoctorTitle=true, countryCodes=[US, CA], fellowship=false, mohBillingNumber=true, orderSupplies=true, residency=false, hideSupervision=true, programCreation=true, revPractice=true}, {id=655ba98bf19122b5b4c588c5, providerTypeName=OT, requiresSpecialtyType=false, canSupervise=false, deletedInfoField={isDeleted=false}, createdAt=2023-11-20T18:46:35.319Z, updatedAt=2023-11-20T18:46:35.319Z, canCreatePrivatePractice=false, canPrescribe=false, isVetProviderType=false, selectable=true, countryCodes=[US, CA], programCreation=true, revPractice=true, hideSupervision=true}, {id=655ba9abf19122b5b4c588ca, providerTypeName=PT, requiresSpecialtyType=false, canSupervise=false, deletedInfoField={isDeleted=false}, createdAt=2023-11-20T18:47:07.115Z, updatedAt=2023-11-20T18:47:07.115Z, canCreatePrivatePractice=false, canPrescribe=false, isVetProviderType=false, selectable=true, countryCodes=[US, CA], programCreation=true, revPractice=true, hideSupervision=true}, {id=655e2f5cc4476b513f8d4bf9, providerTypeName=SLP, requiresSpecialtyType=false, canSupervise=false, deletedInfoField={isDeleted=false}, createdAt=2023-11-20T18:47:32.492Z, updatedAt=2023-11-20T18:47:32.492Z, canCreatePrivatePractice=false, canPrescribe=false, isVetProviderType=false, selectable=true, countryCodes=[US, CA], programCreation=true, revPractice=true, hideSupervision=true}], deliveryMethods=[{id=64dbc7977c524ff621491dbd, createdAt=2023-08-15T18:44:39.757Z, updatedAt=2025-06-27T12:47:07.123Z, deletedInfoField={isDeleted=false}, formFields=[Active, Rate Modifier, Address, Insurance Accepted, Self-Pay Accepted], internalIdentifier=facility, icon=683f49228e22c85d934546c3}, {id=64dbc79b7c524ff621491dc5, createdAt=2023-08-15T18:44:43.783Z, updatedAt=2025-06-27T12:47:06.950Z, deletedInfoField={isDeleted=false}, formFields=[Active, Radius, Rate Modifier, Address], internalIdentifier=van, icon=683f508293b1e43050170565}, {id=64dbc7a37c524ff621491dcd, createdAt=2023-08-15T18:44:51.943Z, updatedAt=2025-06-27T12:47:07.294Z, deletedInfoField={isDeleted=false}, formFields=[Active, Rate Modifier, Radius, Address], internalIdentifier=house-call, icon=683f4972bb1e28cb1ac25102}, {id=64dbc7a97c524ff621491dd5, createdAt=2023-08-15T18:44:57.203Z, updatedAt=2025-06-27T12:47:07.121Z, deletedInfoField={isDeleted=false}, formFields=[Active, Rate Modifier, Address], internalIdentifier=telemedicine, icon=683f496c93b1e4305016eb25}], hsaEligible=false, competitivePrice=10, materialPrice=10, materialMarkup=5, pharmaceuticalPrice=10, pharmaceuticalMarkup=5, procedurePrice=80, memberAppFee=4, nonMemberAppFee=8, deletedInfoField={isDeleted=false}, createdAt=2024-05-19T08:55:56.601Z, updatedAt=2025-10-26T07:45:12.698Z, procedurePdf=null, procedureVideo=null, availableForOnline=false, deepLink=https://revdoc.app.link/bwEQJiKTzMb, deepLinkId=66d66760ba564d7c9b665aa7, isRevPlusSpecials=false, payToProvider={}, providerDeliveryFee=0, isProgramOnlyProcedure=false, isPharmaDirectProcedure=false, onlineOnlyProcedurePrices={basic=151.2, plus=145.6}, applicableMemberTypes=[normal], telemedicineCallTime=15, isRevPrivateFreeProcedure=false, isPopup=false, petTypes=[], addOnProcedures2=[], countryCode=US, applicableGenders=[male, female, others], isCanadianFreeProcedure=false, isTaxable=true, isBiomarkerProcedure=false, finalPrice=21, totalProductPrice=101, affiliateTotalMemberPrice=105.04, finalBasicMembershipPrice=109.08, finalPlusMembershipPrice=105.04, finalPrivateMembershipPrice=21, amountEligibleForRevcash=80}, {id=6580047d3d29dc8219961eb0, procedureName=Bronchoscopy, isGeneralProcedure=false, procedureCategory=[{id=658024c08d62184b7bc90735, procedureCategoryName=Get Fit, procedureCategoryEffectiveDate=2023-12-16T10:53:43.956Z, icon=home-grey, deletedInfoField={isDeleted=false}, createdAt=2023-12-18T10:53:52.012Z, updatedAt=2025-10-22T11:10:14.647Z, isRevPrivate=true, procedureCategoryTermDate=null, categoryIcon={id=671f54af260d64d48d04bac8, mediaType=Home Screen Icon Image, deletedInfoField={isDeleted=false}, ownerId=d60897b2-c527-4ec3-b686-f29d9df50970, filename=iv therapy-5.png, mimeType=image/png, filesize=2294, width=176, height=129, createdAt=2024-10-28T09:09:03.296Z, updatedAt=2024-10-28T09:09:03.296Z, muxVideo={}, url=https://d2hq8lgymb4gmu.cloudfront.net/iv therapy-5.png}}, {id=655b99cac8cce53607df5b40, procedureCategoryName=General, procedureCategoryEffectiveDate=2023-11-01T16:39:20.528Z, icon=stars, deletedInfoField={isDeleted=false}, createdAt=2023-11-20T17:39:22.867Z, updatedAt=2025-10-23T09:43:21.719Z, categoryIcon={id=671f54af260d64d48d04bac8, mediaType=Home Screen Icon Image, deletedInfoField={isDeleted=false}, ownerId=d60897b2-c527-4ec3-b686-f29d9df50970, filename=iv therapy-5.png, mimeType=image/png, filesize=2294, width=176, height=129, createdAt=2024-10-28T09:09:03.296Z, updatedAt=2024-10-28T09:09:03.296Z, muxVideo={}, url=https://d2hq8lgymb4gmu.cloudfront.net/iv therapy-5.png}, isRevPrivate=false, procedureCategoryTermDate=2027-06-02T18:30:00.000Z, procedurePriority=[{procedure=68625241330e3498386a4809, id=68f9f8b90b1eb7000179d26b}, {procedure=6580047d3d29dc8219961eb0, id=68f9f8b90b1eb7000179d26c}]}, {id=67294b7e8310d0479f58269b, procedureCategoryName=Special Event, isRevPrivate=false, procedureCategoryEffectiveDate=2024-11-05T06:27:23.300Z, icon=house-down-fill, deletedInfoField={isDeleted=false}, createdAt=2024-11-04T22:32:30.387Z, updatedAt=2025-10-22T11:20:18.388Z, procedureCategoryTermDate=2025-10-07T18:30:00.000Z, categoryIcon={id=67ed12ccfd1dc9f9c41989d3, mediaType=Home Screen Icon Image, deletedInfoField={isDeleted=false}, muxVideo={}, ownerId=bca07747-e1e1-4cc5-bebc-010003b23d2f, filename=mental-health.png, mimeType=image/png, filesize=50762, width=512, height=512, createdAt=2025-04-02T10:34:52.594Z, updatedAt=2025-04-02T10:34:52.594Z, url=https://d2hq8lgymb4gmu.cloudfront.net/mental-health.png}}, {id=67d3f894187aef760e375ee5, procedureCategoryName=TEst Term, isRevPrivate=false, procedureCategoryEffectiveDate=2025-03-12T18:30:00.000Z, icon=home-grey, categoryIcon={id=67d3f8936360f35c0b9ad9e5, mediaType=Home Screen Icon Image, deletedInfoField={isDeleted=false}, muxVideo={}, ownerId=7175768f-5a38-4153-acd3-295774d0d68f, filename=petmatch-6.png, mimeType=image/png, filesize=1945, width=39, height=35, createdAt=2025-03-14T09:36:19.626Z, updatedAt=2025-03-14T09:36:19.626Z, url=https://d2hq8lgymb4gmu.cloudfront.net/petmatch-6.png}, deletedInfoField={isDeleted=false}, createdAt=2025-03-14T09:36:20.180Z, updatedAt=2025-04-01T20:44:17.761Z, procedureCategoryTermDate=2025-04-01T20:44:16.600Z}, {id=67d43e06f61e7cbb1479bf06, procedureCategoryName=Fur, isRevPrivate=false, procedureCategoryEffectiveDate=2025-03-13T18:30:00.000Z, procedureCategoryTermDate=2025-06-02T18:30:00.000Z, icon=home-grey, categoryIcon={id=67ec54bdd074e1ec144b22c7, mediaType=Home Screen Icon Image, deletedInfoField={isDeleted=false}, muxVideo={}, ownerId=d60897b2-c527-4ec3-b686-f29d9df50970, filename=Fur.png, mimeType=image/png, filesize=12219, width=248, height=234, createdAt=2025-04-01T21:03:57.514Z, updatedAt=2025-04-01T21:03:57.514Z, url=https://d2hq8lgymb4gmu.cloudfront.net/Fur.png}, deletedInfoField={isDeleted=false}, createdAt=2025-03-14T14:32:38.175Z, updatedAt=2025-06-04T13:40:06.571Z}, {id=67d441d68fe6ef93c1556c02, procedureCategoryName=Zac Test, isRevPrivate=false, procedureCategoryEffectiveDate=2025-03-13T18:30:00.000Z, icon=home-grey, categoryIcon={id=67d441d50734267c32bb0d6c, mediaType=Home Screen Icon Image, deletedInfoField={isDeleted=false}, muxVideo={}, ownerId=7175768f-5a38-4153-acd3-295774d0d68f, filename=kid-2.jpeg, mimeType=image/jpeg, filesize=6578, width=148, height=148, createdAt=2025-03-14T14:48:53.894Z, updatedAt=2025-03-14T14:48:53.894Z, url=https://d2hq8lgymb4gmu.cloudfront.net/kid-2.jpeg}, deletedInfoField={isDeleted=false}, createdAt=2025-03-14T14:48:54.489Z, updatedAt=2025-04-01T20:43:57.587Z, procedureCategoryTermDate=2025-04-01T20:43:56.500Z}, {id=67d4479e83eb972829ac8af1, procedureCategoryName=Abc-Category, isRevPrivate=false, procedureCategoryEffectiveDate=2025-03-14T15:13:22.800Z, icon=home-grey, categoryIcon={id=67d4479df61e7cbb1479d028, mediaType=Home Screen Icon Image, deletedInfoField={isDeleted=false}, muxVideo={}, ownerId=7175768f-5a38-4153-acd3-295774d0d68f, filename=dog-1.jpeg, mimeType=image/jpeg, filesize=4866, width=148, height=148, createdAt=2025-03-14T15:13:33.649Z, updatedAt=2025-03-14T15:13:33.649Z, url=https://d2hq8lgymb4gmu.cloudfront.net/dog-1.jpeg}, deletedInfoField={isDeleted=false}, createdAt=2025-03-14T15:13:34.288Z, updatedAt=2025-04-01T20:43:40.352Z, procedureCategoryTermDate=2025-04-01T20:43:39.300Z}, {id=6836c65ba9da6ca7f7101d74, procedureCategoryName=R category, isRevPrivate=false, procedureCategoryEffectiveDate=2025-05-27T18:30:00.000Z, icon=home-grey, categoryIcon={id=6836c65bed05ad65e3613d79, mediaType=Home Screen Icon Image, deletedInfoField={isDeleted=false}, muxVideo={}, ownerId=7175768f-5a38-4153-acd3-295774d0d68f, filename=download-85.jpg, mimeType=image/jpeg, filesize=6108, width=194, height=148, createdAt=2025-05-28T08:16:27.278Z, updatedAt=2025-05-28T08:16:27.278Z, url=https://d2hq8lgymb4gmu.cloudfront.net/download-85.jpg}, deletedInfoField={isDeleted=false}, createdAt=2025-05-28T08:16:27.861Z, updatedAt=2025-06-03T10:42:47.492Z, procedureCategoryTermDate=2025-06-01T18:30:00.000Z}], procedureSymptoms=[{id=65298a9f65c74335f0e60363, symptomName=Bleeding, deletedInfoField={isDeleted=false}, createdAt=2023-10-13T18:21:19.380Z, updatedAt=2023-12-05T14:19:24.249Z, effectiveDate=2023-08-15T00:00:00.000Z}, {id=65298ac365c74335f0e603ec, symptomName=Blood Clots, deletedInfoField={isDeleted=false}, createdAt=2023-10-13T18:21:55.966Z, updatedAt=2024-04-18T11:12:26.213Z, effectiveDate=2023-08-15T00:00:00.000Z, termDate=null}, {id=65298a3765c74335f0e6023b, symptomName=Cold intolerance , deletedInfoField={isDeleted=false}, createdAt=2023-10-13T18:19:35.975Z, updatedAt=2023-10-13T18:19:35.975Z, effectiveDate=2023-08-15T00:00:00.000Z}, {id=65298419c7e248e8b6487fab, symptomName=Chest Pain, deletedInfoField={isDeleted=false}, createdAt=2023-10-13T17:53:29.416Z, updatedAt=2023-10-13T17:53:29.416Z, effectiveDate=2023-08-15T00:00:00.000Z}, {id=660a8a8391532eab081021b3, symptomName=Auto Symptom1, effectiveDate=2024-04-01T10:20:49.030Z, deletedInfoField={isDeleted=false}, createdAt=2024-04-01T10:20:51.931Z, updatedAt=2024-04-01T10:20:51.931Z}, {id=65ef53b8349014f679984356, symptomName=Coldness, effectiveDate=2024-03-10T18:55:50.568Z, deletedInfoField={isDeleted=false}, createdAt=2024-03-11T18:55:52.264Z, updatedAt=2024-03-11T18:55:52.264Z}], procedureImage={id=6580047c39d11dc4fffcbd71, mediaType=Procedure Image, deletedInfoField={isDeleted=false}, ownerId=d60897b2-c527-4ec3-b686-f29d9df50970, filename=bronoscopy.jpg, mimeType=image/jpeg, filesize=5575, width=317, height=159, createdAt=2023-12-18T08:36:12.494Z, updatedAt=2023-12-18T08:36:12.494Z, muxVideo={}, url=https://d2hq8lgymb4gmu.cloudfront.net/bronoscopy.jpg}, cptCode=123446, procedureTime=30, aboutText=Bronchoscopy is a procedure to look directly at the airways in the lungs using a thin, lighted tube (bronchoscope). The bronchoscope is put in the nose or mouth Tue Apr 30 17:12:18 IST 2024, procedureStepsText=A rigid bronchoscope is a straight tube. It’s only used to view the larger airways. It may be used within the bronchi to: Remove a large amount of secretions or blood. Control bleeding. Remove foreign objects. Remove diseased tissue (lesions). Do procedures, such as stents and other treatments1, groupProcedure=false, procedureTimePerPerson=60, procedureKitIds=2, postCareInstructionsText=After the procedure, you will spend some time in a recovery room. You may be sleepy and confused when you wake up from general anesthesia or sedation. Your healthcare team will watch your vital signs, such as your heart rate and breathing. A chest X-ray may be done right after the procedure. This is to make sure your lungs are okay. You may be told to gently cough up and spit your saliva into a basin. This is so a nurse can check your secretions for blood.

You may have some mild pain in your throat. You will not be allowed to eat or drink until your gag reflex has returned. You may notice some throat soreness and pain with swallowing for a few days. This is normal. Using throat lozenges or gargle may help.

If you had an outpatient procedure, you will go home when your healthcare provider says it’s OK. Someone will need to drive you home., orderingDependent=true, deliveryTime=30, procedureEffectiveDate=2023-12-17T08:31:29.084Z, providerTypes=[{id=64dbc5d214d9e622cbc0d9d0, providerTypeName=MD, createdAt=2023-08-15T18:37:06.735Z, updatedAt=2023-10-17T20:10:18.373Z, requiresSpecialtyType=true, canSupervise=true, deletedInfoField={isDeleted=false}, canCreatePrivatePractice=true, canPrescribe=true, isVetProviderType=false, selectable=true, hasDoctorTitle=true, countryCodes=[US, CA], fellowship=true, mohBillingNumber=true, orderSupplies=true, residency=true, programCreation=true, revPractice=true, hideSupervision=false}, {id=64dbc5e014d9e622cbc0d9d8, providerTypeName=NP, createdAt=2023-08-15T18:37:20.566Z, updatedAt=2023-10-16T13:31:58.997Z, requiresSpecialtyType=false, canSupervise=false, deletedInfoField={isDeleted=false}, canCreatePrivatePractice=false, canPrescribe=true, isVetProviderType=false, selectable=true, countryCodes=[US, CA], programCreation=true, revPractice=true, orderSupplies=true}, {id=64dbc5f014d9e622cbc0d9e0, providerTypeName=DT, createdAt=2023-08-15T18:37:36.061Z, updatedAt=2023-10-16T13:32:04.893Z, requiresSpecialtyType=false, canSupervise=false, deletedInfoField={isDeleted=false}, canCreatePrivatePractice=false, canPrescribe=false, isVetProviderType=false, selectable=true, countryCodes=[US, CA], programCreation=false, revPractice=false, hideSupervision=true}, {id=64dbc5f914d9e622cbc0d9e8, providerTypeName=PA, createdAt=2023-08-15T18:37:45.179Z, updatedAt=2023-10-16T13:32:11.584Z, requiresSpecialtyType=false, canSupervise=false, deletedInfoField={isDeleted=false}, canCreatePrivatePractice=false, canPrescribe=true, isVetProviderType=false, selectable=true, countryCodes=[US, CA], fellowship=false, mohBillingNumber=false, orderSupplies=true, residency=false, programCreation=true, revPractice=false, hideSupervision=false}, {id=64dbc60114d9e622cbc0d9f0, providerTypeName=PHA, createdAt=2023-08-15T18:37:53.013Z, updatedAt=2023-10-16T13:32:17.408Z, requiresSpecialtyType=false, canSupervise=false, deletedInfoField={isDeleted=false}, canCreatePrivatePractice=false, canPrescribe=false, isVetProviderType=false, selectable=true, countryCodes=[US, CA], programCreation=true, revPractice=false, hideSupervision=true}, {id=65022a52462b67ed989dc046, providerTypeName=DDS, requiresSpecialtyType=false, createdAt=2023-09-13T21:32:02.555Z, updatedAt=2024-03-22T18:12:01.878Z, canSupervise=false, deletedInfoField={isDeleted=false}, canCreatePrivatePractice=false, canPrescribe=false, isVetProviderType=false, selectable=true, hasDoctorTitle=true, countryCodes=[US, CA], programCreation=true, revPractice=true, hideSupervision=true}, {id=650de7739c7984604397496f, providerTypeName=DMD, requiresSpecialtyType=false, createdAt=2023-09-22T19:13:55.127Z, updatedAt=2023-10-16T13:33:04.375Z, canSupervise=false, deletedInfoField={isDeleted=false}, canCreatePrivatePractice=false, canPrescribe=false, isVetProviderType=false, selectable=true, hasDoctorTitle=true, countryCodes=[US, CA], programCreation=true, revPractice=true, hideSupervision=true}, {id=651312c6c5977ccf874eecf5, providerTypeName=DPM, requiresSpecialtyType=false, createdAt=2023-09-26T17:20:06.950Z, updatedAt=2023-10-16T13:33:09.309Z, canSupervise=false, deletedInfoField={isDeleted=false}, canCreatePrivatePractice=false, canPrescribe=false, isVetProviderType=false, selectable=true, hasDoctorTitle=true, countryCodes=[US, CA], fellowship=true, mohBillingNumber=true, orderSupplies=false, residency=true, hideSupervision=true, programCreation=true, revPractice=true}, {id=652d3b2d50161ec366ec3b31, providerTypeName=DC, requiresSpecialtyType=false, canSupervise=false, deletedInfoField={isDeleted=false}, createdAt=2023-10-16T13:31:25.863Z, updatedAt=2023-10-16T13:31:25.863Z, canCreatePrivatePractice=false, canPrescribe=false, isVetProviderType=false, selectable=true, hasDoctorTitle=true, countryCodes=[US, CA], fellowship=false, mohBillingNumber=true, orderSupplies=true, residency=false, hideSupervision=true, programCreation=true, revPractice=true}, {id=655ba98bf19122b5b4c588c5, providerTypeName=OT, requiresSpecialtyType=false, canSupervise=false, deletedInfoField={isDeleted=false}, createdAt=2023-11-20T18:46:35.319Z, updatedAt=2023-11-20T18:46:35.319Z, canCreatePrivatePractice=false, canPrescribe=false, isVetProviderType=false, selectable=true, countryCodes=[US, CA], programCreation=true, revPractice=true, hideSupervision=true}, {id=655e2fabc4476b513f8d4bfc, providerTypeName=DO, createdAt=2023-08-15T18:37:06.735Z, updatedAt=2023-10-17T20:10:18.373Z, requiresSpecialtyType=true, canSupervise=true, deletedInfoField={isDeleted=false}, canCreatePrivatePractice=true, canPrescribe=true, isVetProviderType=false, selectable=true, hasDoctorTitle=true, countryCodes=[US, CA], fellowship=true, mohBillingNumber=true, orderSupplies=true, residency=true, programCreation=true, revPractice=true, hideSupervision=false}, {id=655e2f5cc4476b513f8d4bfa, providerTypeName=APN, createdAt=2023-08-15T18:37:20.566Z, updatedAt=2023-10-16T13:31:58.997Z, requiresSpecialtyType=false, canSupervise=false, deletedInfoField={isDeleted=false}, canCreatePrivatePractice=false, canPrescribe=true, isVetProviderType=false, selectable=true, countryCodes=[US, CA], fellowship=false, mohBillingNumber=true, orderSupplies=true, residency=false, hideSupervision=false, programCreation=true, revPractice=true}, {id=655ba9abf19122b5b4c588ca, providerTypeName=PT, requiresSpecialtyType=false, canSupervise=false, deletedInfoField={isDeleted=false}, createdAt=2023-11-20T18:47:07.115Z, updatedAt=2023-11-20T18:47:07.115Z, canCreatePrivatePractice=false, canPrescribe=false, isVetProviderType=false, selectable=true, countryCodes=[US, CA], programCreation=true, revPractice=true, hideSupervision=true}, {id=673f96fcfe30544921bb2be5, providerTypeName=DVM, requiresSpecialtyType=false, canSupervise=false, canPrescribe=true, canCreatePrivatePractice=false, isVetProviderType=true, selectable=true, hasDoctorTitle=true, countryCodes=[US, CA], fellowship=true, mohBillingNumber=true, orderSupplies=true, residency=true, hideSupervision=true, programCreation=true, revPractice=true, deletedInfoField={}}, {id=67aefca5ad25144fc89e8bb9, providerTypeName=VMD, requiresSpecialtyType=false, canSupervise=false, canPrescribe=true, isVetProviderType=true, canCreatePrivatePractice=false, createdAt=2025-02-14T08:19:49.210Z, updatedAt=2025-02-14T08:19:49.210Z, selectable=true, hasDoctorTitle=true, countryCodes=[US, CA], fellowship=false, mohBillingNumber=true, orderSupplies=true, residency=false, hideSupervision=true, programCreation=true, revPractice=true, deletedInfoField={}}], deliveryMethods=[{id=64dbc7977c524ff621491dbd, createdAt=2023-08-15T18:44:39.757Z, updatedAt=2025-06-27T12:47:07.123Z, deletedInfoField={isDeleted=false}, formFields=[Active, Rate Modifier, Address, Insurance Accepted, Self-Pay Accepted], internalIdentifier=facility, icon=683f49228e22c85d934546c3}, {id=64dbc79b7c524ff621491dc5, createdAt=2023-08-15T18:44:43.783Z, updatedAt=2025-06-27T12:47:06.950Z, deletedInfoField={isDeleted=false}, formFields=[Active, Radius, Rate Modifier, Address], internalIdentifier=van, icon=683f508293b1e43050170565}, {id=64dbc7a37c524ff621491dcd, createdAt=2023-08-15T18:44:51.943Z, updatedAt=2025-06-27T12:47:07.294Z, deletedInfoField={isDeleted=false}, formFields=[Active, Rate Modifier, Radius, Address], internalIdentifier=house-call, icon=683f4972bb1e28cb1ac25102}, {id=64dbc7a97c524ff621491dd5, createdAt=2023-08-15T18:44:57.203Z, updatedAt=2025-06-27T12:47:07.121Z, deletedInfoField={isDeleted=false}, formFields=[Active, Rate Modifier, Address], internalIdentifier=telemedicine, icon=683f496c93b1e4305016eb25}], hsaEligible=false, competitivePrice=200, materialPrice=31, materialMarkup=10, pharmaceuticalPrice=35, pharmaceuticalMarkup=6, procedurePrice=70, memberAppFee=22, nonMemberAppFee=41, deletedInfoField={isDeleted=false}, createdAt=2023-12-18T08:36:13.159Z, updatedAt=2025-10-26T07:24:36.955Z, procedurePdf={id=65c9eb1f45cfbe9b8257cd2c, mediaType=Procedure PDF, deletedInfoField={isDeleted=false}, ownerId=7175768f-5a38-4153-acd3-295774d0d68f, filename=Industrial Skills Framework Oil Gas Energy First Edition v2-2.pdf, mimeType=application/pdf, filesize=2547689, createdAt=2024-02-12T09:55:43.153Z, updatedAt=2024-02-12T09:55:43.153Z, muxVideo={}, url=https://d2hq8lgymb4gmu.cloudfront.net/Industrial Skills Framework Oil Gas Energy First Edition v2-2.pdf}, procedureVideo={id=65c9efb245cfbe9b82581620, mediaType=Procedure Video, deletedInfoField={isDeleted=false}, ownerId=7175768f-5a38-4153-acd3-295774d0d68f, filename=46212fcc-ca4b-4a66-ad66-4df72abf33ea, createdAt=2024-02-12T10:15:14.277Z, updatedAt=2024-02-12T10:15:14.277Z, muxVideo={}, url=https://d2hq8lgymb4gmu.cloudfront.net/46212fcc-ca4b-4a66-ad66-4df72abf33ea}, isRevPrivate=true, procedureTermDate=null, symptoms=[{symptomName=Chest Pain, id=68fdccb4a2f7f70001c3c6fc}, {symptomName=Cold intolerance , id=68fdccb4a2f7f70001c3c6fd}, {symptomName=Bleeding, id=68fdccb4a2f7f70001c3c6fe}, {symptomName=Blood Clots, id=68fdccb4a2f7f70001c3c6ff}, {symptomName=Coldness, id=68fdccb4a2f7f70001c3c700}, {symptomName=Auto Symptom1, id=68fdccb4a2f7f70001c3c701}], addOnOnly=false, addOnProcedures=[678f667698d47d825a11a71a, 6646f15290e05ad6e4f19217, 6645cf82f5dc26d928fc93df], isDeaOnly=false, deepLink=https://revdoc.app.link/WqxvLgKTzMb, deepLinkId=66d66760ba564d7c9b665a7e, availableForOnline=false, isRevPlusSpecials=false, payToProvider={}, providerDeliveryFee=0, isProgramOnlyProcedure=false, isPharmaDirectProcedure=false, onlineOnlyProcedurePrices={basic=254.08, plus=219.84}, applicableMemberTypes=[dependent, pet, normal], telemedicineCallTime=15, isRevPrivateFreeProcedure=false, petTypes=[cat, dog], isPopup=false, addOnProcedures2=[{procedure=678f667698d47d825a11a71a, showInBooking=false, id=686d15562173360001eb559c}], countryCode=US, applicableGenders=[male, female, others], procedureInclusions=[{title=Chest Procedure, subTitle=Heart health, energy, metabolism, harmones and many more!, id=686d08f07f373d000154a9d5}], isMemberOnly=false, isCanadianFreeProcedure=false, isTaxable=true, isBiomarkerProcedure=false, finalPrice=71.2, totalProductPrice=141.2, affiliateTotalMemberPrice=172.26, finalBasicMembershipPrice=199.09, finalPlusMembershipPrice=172.26, finalPrivateMembershipPrice=71.2, amountEligibleForRevcash=70}, {id=6645cf82f5dc26d928fc93df, addOnProcedures=[], addOnOnly=true, procedureName=Auto Procedure Expire, isGeneralProcedure=false, isDeaOnly=false, isRevPrivate=false, procedureCategory=[{id=655c46d444a480647a72e76a, procedureCategoryName=Soriasis, procedureCategoryEffectiveDate=2023-11-20T05:57:26.305Z, icon=stars, deletedInfoField={isDeleted=false}, createdAt=2023-11-21T05:57:40.690Z, updatedAt=2025-06-04T14:03:46.182Z, categoryIcon={id=671f54af260d64d48d04bac8, mediaType=Home Screen Icon Image, deletedInfoField={isDeleted=false}, ownerId=d60897b2-c527-4ec3-b686-f29d9df50970, filename=iv therapy-5.png, mimeType=image/png, filesize=2294, width=176, height=129, createdAt=2024-10-28T09:09:03.296Z, updatedAt=2024-10-28T09:09:03.296Z, muxVideo={}, url=https://d2hq8lgymb4gmu.cloudfront.net/iv therapy-5.png}, isRevPrivate=false, procedureCategoryTermDate=2025-06-02T18:30:00.000Z}, {id=658024c08d62184b7bc90735, procedureCategoryName=Get Fit, procedureCategoryEffectiveDate=2023-12-16T10:53:43.956Z, icon=home-grey, deletedInfoField={isDeleted=false}, createdAt=2023-12-18T10:53:52.012Z, updatedAt=2025-10-22T11:10:14.647Z, isRevPrivate=true, procedureCategoryTermDate=null, categoryIcon={id=671f54af260d64d48d04bac8, mediaType=Home Screen Icon Image, deletedInfoField={isDeleted=false}, ownerId=d60897b2-c527-4ec3-b686-f29d9df50970, filename=iv therapy-5.png, mimeType=image/png, filesize=2294, width=176, height=129, createdAt=2024-10-28T09:09:03.296Z, updatedAt=2024-10-28T09:09:03.296Z, muxVideo={}, url=https://d2hq8lgymb4gmu.cloudfront.net/iv therapy-5.png}}], procedureSymptoms=[{id=663f4a84c6bedfd48be631fe, symptomName=Tooth pain, effectiveDate=2024-05-11T10:37:53.649Z, deletedInfoField={isDeleted=false}, createdAt=2024-05-11T10:37:56.384Z, updatedAt=2024-05-11T10:37:56.384Z}], symptoms=[{symptomName=Tooth pain, id=68fdccafe1a9480001def349}], procedureImage={id=6645cf817f3e5c3e503abfd2, mediaType=Procedure Image, deletedInfoField={isDeleted=false}, ownerId=7175768f-5a38-4153-acd3-295774d0d68f, filename=katalon.png, mimeType=image/png, filesize=7797, width=500, height=500, createdAt=2024-05-16T09:18:57.988Z, updatedAt=2024-05-16T09:18:57.988Z, muxVideo={}, url=https://d2hq8lgymb4gmu.cloudfront.net/katalon.png}, cptCode=CPT1020, procedureTime=10, aboutText=Created for automation purpose, procedureStepsText=search, verify, groupProcedure=false, postCareInstructionsText=Verify whether it present, orderingDependent=false, procedureEffectiveDate=2024-05-15T09:17:41.730Z, providerTypes=[{id=64dbc5e014d9e622cbc0d9d8, providerTypeName=NP, createdAt=2023-08-15T18:37:20.566Z, updatedAt=2023-10-16T13:31:58.997Z, requiresSpecialtyType=false, canSupervise=false, deletedInfoField={isDeleted=false}, canCreatePrivatePractice=false, canPrescribe=true, isVetProviderType=false, selectable=true, countryCodes=[US, CA], programCreation=true, revPractice=true, orderSupplies=true}, {id=655e2fabc4476b513f8d4bfc, providerTypeName=DO, createdAt=2023-08-15T18:37:06.735Z, updatedAt=2023-10-17T20:10:18.373Z, requiresSpecialtyType=true, canSupervise=true, deletedInfoField={isDeleted=false}, canCreatePrivatePractice=true, canPrescribe=true, isVetProviderType=false, selectable=true, hasDoctorTitle=true, countryCodes=[US, CA], fellowship=true, mohBillingNumber=true, orderSupplies=true, residency=true, programCreation=true, revPractice=true, hideSupervision=false}, {id=655e2f5cc4476b513f8d4bfa, providerTypeName=APN, createdAt=2023-08-15T18:37:20.566Z, updatedAt=2023-10-16T13:31:58.997Z, requiresSpecialtyType=false, canSupervise=false, deletedInfoField={isDeleted=false}, canCreatePrivatePractice=false, canPrescribe=true, isVetProviderType=false, selectable=true, countryCodes=[US, CA], fellowship=false, mohBillingNumber=true, orderSupplies=true, residency=false, hideSupervision=false, programCreation=true, revPractice=true}, {id=64dbc5d214d9e622cbc0d9d0, providerTypeName=MD, createdAt=2023-08-15T18:37:06.735Z, updatedAt=2023-10-17T20:10:18.373Z, requiresSpecialtyType=true, canSupervise=true, deletedInfoField={isDeleted=false}, canCreatePrivatePractice=true, canPrescribe=true, isVetProviderType=false, selectable=true, hasDoctorTitle=true, countryCodes=[US, CA], fellowship=true, mohBillingNumber=true, orderSupplies=true, residency=true, programCreation=true, revPractice=true, hideSupervision=false}, {id=64dbc5f014d9e622cbc0d9e0, providerTypeName=DT, createdAt=2023-08-15T18:37:36.061Z, updatedAt=2023-10-16T13:32:04.893Z, requiresSpecialtyType=false, canSupervise=false, deletedInfoField={isDeleted=false}, canCreatePrivatePractice=false, canPrescribe=false, isVetProviderType=false, selectable=true, countryCodes=[US, CA], programCreation=false, revPractice=false, hideSupervision=true}], deliveryMethods=[{id=64dbc79b7c524ff621491dc5, createdAt=2023-08-15T18:44:43.783Z, updatedAt=2025-06-27T12:47:06.950Z, deletedInfoField={isDeleted=false}, formFields=[Active, Radius, Rate Modifier, Address], internalIdentifier=van, icon=683f508293b1e43050170565}, {id=64dbc7a37c524ff621491dcd, createdAt=2023-08-15T18:44:51.943Z, updatedAt=2025-06-27T12:47:07.294Z, deletedInfoField={isDeleted=false}, formFields=[Active, Rate Modifier, Radius, Address], internalIdentifier=house-call, icon=683f4972bb1e28cb1ac25102}, {id=64dbc7a97c524ff621491dd5, createdAt=2023-08-15T18:44:57.203Z, updatedAt=2025-06-27T12:47:07.121Z, deletedInfoField={isDeleted=false}, formFields=[Active, Rate Modifier, Address], internalIdentifier=telemedicine, icon=683f496c93b1e4305016eb25}, {id=64dbc7977c524ff621491dbd, createdAt=2023-08-15T18:44:39.757Z, updatedAt=2025-06-27T12:47:07.123Z, deletedInfoField={isDeleted=false}, formFields=[Active, Rate Modifier, Address, Insurance Accepted, Self-Pay Accepted], internalIdentifier=facility, icon=683f49228e22c85d934546c3}], hsaEligible=false, competitivePrice=1, materialPrice=2, materialMarkup=3, pharmaceuticalPrice=4, pharmaceuticalMarkup=5, procedurePrice=3, memberAppFee=0, nonMemberAppFee=0, deletedInfoField={isDeleted=false}, createdAt=2024-05-16T09:18:58.587Z, updatedAt=2025-10-26T07:24:31.660Z, procedurePdf=null, procedureVideo=null, procedureTermDate=2025-10-25T07:24:26.810Z, deepLink=https://revdoc.app.link/QUFaEiKTzMb, deepLinkId=66d66760ba564d7c9b665aa5, availableForOnline=false, isRevPlusSpecials=false, payToProvider={}, providerDeliveryFee=0, isProgramOnlyProcedure=false, isPharmaDirectProcedure=false, onlineOnlyProcedurePrices={basic=48.26, plus=48.26}, applicableMemberTypes=[normal], telemedicineCallTime=15, isRevPrivateFreeProcedure=false, isPopup=false, addOnProcedures2=[], petTypes=[], countryCode=US, applicableGenders=[male, female, others], isCanadianFreeProcedure=false, isTaxable=true, isBiomarkerProcedure=false, finalPrice=6.26, totalProductPrice=9.26, affiliateTotalMemberPrice=9.26, finalBasicMembershipPrice=9.26, finalPlusMembershipPrice=9.26, finalPrivateMembershipPrice=6.26, amountEligibleForRevcash=3}, {id=6646f15290e05ad6e4f19217, addOnProcedures=[], addOnOnly=true, procedureName=Automation addon1, isGeneralProcedure=false, isDeaOnly=false, isRevPrivate=false, procedureCategory=[{id=658024c08d62184b7bc90735, procedureCategoryName=Get Fit, procedureCategoryEffectiveDate=2023-12-16T10:53:43.956Z, icon=home-grey, deletedInfoField={isDeleted=false}, createdAt=2023-12-18T10:53:52.012Z, updatedAt=2025-10-22T11:10:14.647Z, isRevPrivate=true, procedureCategoryTermDate=null, categoryIcon={id=671f54af260d64d48d04bac8, mediaType=Home Screen Icon Image, deletedInfoField={isDeleted=false}, ownerId=d60897b2-c527-4ec3-b686-f29d9df50970, filename=iv therapy-5.png, mimeType=image/png, filesize=2294, width=176, height=129, createdAt=2024-10-28T09:09:03.296Z, updatedAt=2024-10-28T09:09:03.296Z, muxVideo={}, url=https://d2hq8lgymb4gmu.cloudfront.net/iv therapy-5.png}}, {id=64dfb848b385732b4ddb16e1, procedureCategoryName=Primary Care, procedureCategoryEffectiveDate=2023-08-16T04:00:00.000Z, procedureCategoryTermDate=null, createdAt=2023-08-18T18:28:24.892Z, updatedAt=2023-11-15T15:56:06.651Z, deletedInfoField={isDeleted=false}, icon=stars, categoryIcon={id=671f54af260d64d48d04bac8, mediaType=Home Screen Icon Image, deletedInfoField={isDeleted=false}, ownerId=d60897b2-c527-4ec3-b686-f29d9df50970, filename=iv therapy-5.png, mimeType=image/png, filesize=2294, width=176, height=129, createdAt=2024-10-28T09:09:03.296Z, updatedAt=2024-10-28T09:09:03.296Z, muxVideo={}, url=https://d2hq8lgymb4gmu.cloudfront.net/iv therapy-5.png}}, {id=6602e8a689cc3ee40952891a, procedureCategoryName=Sports Medicine, isRevPrivate=true, procedureCategoryEffectiveDate=2024-03-25T15:24:04.415Z, icon=people-fill, deletedInfoField={isDeleted=false}, createdAt=2024-03-26T15:24:22.313Z, updatedAt=2025-10-22T11:19:09.315Z, procedureCategoryTermDate=2025-10-20T18:30:00.000Z, categoryIcon={id=67c88d5736a67666360895da, mediaType=Home Screen Icon Image, deletedInfoField={isDeleted=false}, muxVideo={}, ownerId=d60897b2-c527-4ec3-b686-f29d9df50970, filename=lasers-4.png, mimeType=image/png, filesize=12086, width=316, height=290, createdAt=2025-03-05T17:43:51.041Z, updatedAt=2025-03-05T17:43:51.041Z, url=https://d2hq8lgymb4gmu.cloudfront.net/lasers-4.png}}, {id=67d45c1fa8122685ea635f3c, procedureCategoryName=3 cat6, isRevPrivate=false, procedureCategoryEffectiveDate=2025-03-13T18:30:00.000Z, icon=home-grey, categoryIcon={id=67d45c1f3d5148628d992e24, mediaType=Home Screen Icon Image, deletedInfoField={isDeleted=false}, muxVideo={}, ownerId=7175768f-5a38-4153-acd3-295774d0d68f, filename=cat.jpeg, mimeType=image/jpeg, filesize=3648, width=148, height=148, createdAt=2025-03-14T16:41:03.066Z, updatedAt=2025-03-14T16:41:03.066Z, url=https://d2hq8lgymb4gmu.cloudfront.net/cat.jpeg}, deletedInfoField={isDeleted=false}, createdAt=2025-03-14T16:41:03.671Z, updatedAt=2025-04-01T20:43:09.240Z, procedureCategoryTermDate=2025-04-01T20:43:08.100Z}], procedureSymptoms=[{id=6529826b797139895939316e, symptomName=Fever, deletedInfoField={isDeleted=false}, createdAt=2023-10-13T17:46:19.748Z, updatedAt=2023-10-13T17:46:19.748Z, effectiveDate=2023-08-15T00:00:00.000Z}, {id=65298a3765c74335f0e6023b, symptomName=Cold intolerance , deletedInfoField={isDeleted=false}, createdAt=2023-10-13T18:19:35.975Z, updatedAt=2023-10-13T18:19:35.975Z, effectiveDate=2023-08-15T00:00:00.000Z}], symptoms=[{symptomName=Fever, id=68fdccabfc5a230001be7cfb}, {symptomName=Cold intolerance , id=68fdccabfc5a230001be7cfc}], procedureImage={id=67f41851a0a58e56078eae95, mediaType=Procedure Image, deletedInfoField={isDeleted=false}, muxVideo={}, ownerId=d60897b2-c527-4ec3-b686-f29d9df50970, filename=revkids_skin_assessment.jpg, mimeType=image/jpeg, filesize=7359630, width=5130, height=3413, createdAt=2025-04-07T18:24:17.078Z, updatedAt=2025-04-07T18:24:17.078Z, url=https://d2hq8lgymb4gmu.cloudfront.net/revkids_skin_assessment.jpg}, procedureVideo={id=6646f15115a0296f48364d96, mediaType=Procedure Video, deletedInfoField={isDeleted=false}, ownerId=d60897b2-c527-4ec3-b686-f29d9df50970, filename=bronoscopy-3.jpg, mimeType=image/jpeg, filesize=5575, width=317, height=159, createdAt=2024-05-17T05:55:29.429Z, updatedAt=2024-05-17T05:55:29.429Z, muxVideo={}, url=https://d2hq8lgymb4gmu.cloudfront.net/bronoscopy-3.jpg}, cptCode=23422333, procedureTime=15, aboutText=Automation procedure -addon don not delete, procedureStepsText=Automation procedure -addon don not delete, groupProcedure=false, postCareInstructionsText=Automation procedure -addon don not delete, orderingDependent=false, deliveryTime=30, procedureEffectiveDate=2024-05-17T05:53:36.933Z, providerTypes=[{id=655e2fabc4476b513f8d4bfc, providerTypeName=DO, createdAt=2023-08-15T18:37:06.735Z, updatedAt=2023-10-17T20:10:18.373Z, requiresSpecialtyType=true, canSupervise=true, deletedInfoField={isDeleted=false}, canCreatePrivatePractice=true, canPrescribe=true, isVetProviderType=false, selectable=true, hasDoctorTitle=true, countryCodes=[US, CA], fellowship=true, mohBillingNumber=true, orderSupplies=true, residency=true, programCreation=true, revPractice=true, hideSupervision=false}, {id=655e2f5cc4476b513f8d4bfa, providerTypeName=APN, createdAt=2023-08-15T18:37:20.566Z, updatedAt=2023-10-16T13:31:58.997Z, requiresSpecialtyType=false, canSupervise=false, deletedInfoField={isDeleted=false}, canCreatePrivatePractice=false, canPrescribe=true, isVetProviderType=false, selectable=true, countryCodes=[US, CA], fellowship=false, mohBillingNumber=true, orderSupplies=true, residency=false, hideSupervision=false, programCreation=true, revPractice=true}, {id=64dbc5f014d9e622cbc0d9e0, providerTypeName=DT, createdAt=2023-08-15T18:37:36.061Z, updatedAt=2023-10-16T13:32:04.893Z, requiresSpecialtyType=false, canSupervise=false, deletedInfoField={isDeleted=false}, canCreatePrivatePractice=false, canPrescribe=false, isVetProviderType=false, selectable=true, countryCodes=[US, CA], programCreation=false, revPractice=false, hideSupervision=true}, {id=64dbc60114d9e622cbc0d9f0, providerTypeName=PHA, createdAt=2023-08-15T18:37:53.013Z, updatedAt=2023-10-16T13:32:17.408Z, requiresSpecialtyType=false, canSupervise=false, deletedInfoField={isDeleted=false}, canCreatePrivatePractice=false, canPrescribe=false, isVetProviderType=false, selectable=true, countryCodes=[US, CA], programCreation=true, revPractice=false, hideSupervision=true}, {id=65022a52462b67ed989dc046, providerTypeName=DDS, requiresSpecialtyType=false, createdAt=2023-09-13T21:32:02.555Z, updatedAt=2024-03-22T18:12:01.878Z, canSupervise=false, deletedInfoField={isDeleted=false}, canCreatePrivatePractice=false, canPrescribe=false, isVetProviderType=false, selectable=true, hasDoctorTitle=true, countryCodes=[US, CA], programCreation=true, revPractice=true, hideSupervision=true}, {id=650de7739c7984604397496f, providerTypeName=DMD, requiresSpecialtyType=false, createdAt=2023-09-22T19:13:55.127Z, updatedAt=2023-10-16T13:33:04.375Z, canSupervise=false, deletedInfoField={isDeleted=false}, canCreatePrivatePractice=false, canPrescribe=false, isVetProviderType=false, selectable=true, hasDoctorTitle=true, countryCodes=[US, CA], programCreation=true, revPractice=true, hideSupervision=true}, {id=651312c6c5977ccf874eecf5, providerTypeName=DPM, requiresSpecialtyType=false, createdAt=2023-09-26T17:20:06.950Z, updatedAt=2023-10-16T13:33:09.309Z, canSupervise=false, deletedInfoField={isDeleted=false}, canCreatePrivatePractice=false, canPrescribe=false, isVetProviderType=false, selectable=true, hasDoctorTitle=true, countryCodes=[US, CA], fellowship=true, mohBillingNumber=true, orderSupplies=false, residency=true, hideSupervision=true, programCreation=true, revPractice=true}, {id=652d3b2d50161ec366ec3b31, providerTypeName=DC, requiresSpecialtyType=false, canSupervise=false, deletedInfoField={isDeleted=false}, createdAt=2023-10-16T13:31:25.863Z, updatedAt=2023-10-16T13:31:25.863Z, canCreatePrivatePractice=false, canPrescribe=false, isVetProviderType=false, selectable=true, hasDoctorTitle=true, countryCodes=[US, CA], fellowship=false, mohBillingNumber=true, orderSupplies=true, residency=false, hideSupervision=true, programCreation=true, revPractice=true}, {id=655ba9abf19122b5b4c588ca, providerTypeName=PT, requiresSpecialtyType=false, canSupervise=false, deletedInfoField={isDeleted=false}, createdAt=2023-11-20T18:47:07.115Z, updatedAt=2023-11-20T18:47:07.115Z, canCreatePrivatePractice=false, canPrescribe=false, isVetProviderType=false, selectable=true, countryCodes=[US, CA], programCreation=true, revPractice=true, hideSupervision=true}, {id=655e2f5cc4476b513f8d4bf9, providerTypeName=SLP, requiresSpecialtyType=false, canSupervise=false, deletedInfoField={isDeleted=false}, createdAt=2023-11-20T18:47:32.492Z, updatedAt=2023-11-20T18:47:32.492Z, canCreatePrivatePractice=false, canPrescribe=false, isVetProviderType=false, selectable=true, countryCodes=[US, CA], programCreation=true, revPractice=true, hideSupervision=true}, {id=655ba98bf19122b5b4c588c5, providerTypeName=OT, requiresSpecialtyType=false, canSupervise=false, deletedInfoField={isDeleted=false}, createdAt=2023-11-20T18:46:35.319Z, updatedAt=2023-11-20T18:46:35.319Z, canCreatePrivatePractice=false, canPrescribe=false, isVetProviderType=false, selectable=true, countryCodes=[US, CA], programCreation=true, revPractice=true, hideSupervision=true}, {id=64dbc5f914d9e622cbc0d9e8, providerTypeName=PA, createdAt=2023-08-15T18:37:45.179Z, updatedAt=2023-10-16T13:32:11.584Z, requiresSpecialtyType=false, canSupervise=false, deletedInfoField={isDeleted=false}, canCreatePrivatePractice=false, canPrescribe=true, isVetProviderType=false, selectable=true, countryCodes=[US, CA], fellowship=false, mohBillingNumber=false, orderSupplies=true, residency=false, programCreation=true, revPractice=false, hideSupervision=false}, {id=64dbc5e014d9e622cbc0d9d8, providerTypeName=NP, createdAt=2023-08-15T18:37:20.566Z, updatedAt=2023-10-16T13:31:58.997Z, requiresSpecialtyType=false, canSupervise=false, deletedInfoField={isDeleted=false}, canCreatePrivatePractice=false, canPrescribe=true, isVetProviderType=false, selectable=true, countryCodes=[US, CA], programCreation=true, revPractice=true, orderSupplies=true}, {id=64dbc5d214d9e622cbc0d9d0, providerTypeName=MD, createdAt=2023-08-15T18:37:06.735Z, updatedAt=2023-10-17T20:10:18.373Z, requiresSpecialtyType=true, canSupervise=true, deletedInfoField={isDeleted=false}, canCreatePrivatePractice=true, canPrescribe=true, isVetProviderType=false, selectable=true, hasDoctorTitle=true, countryCodes=[US, CA], fellowship=true, mohBillingNumber=true, orderSupplies=true, residency=true, programCreation=true, revPractice=true, hideSupervision=false}], deliveryMethods=[{id=64dbc7a37c524ff621491dcd, createdAt=2023-08-15T18:44:51.943Z, updatedAt=2025-06-27T12:47:07.294Z, deletedInfoField={isDeleted=false}, formFields=[Active, Rate Modifier, Radius, Address], internalIdentifier=house-call, icon=683f4972bb1e28cb1ac25102}, {id=64dbc79b7c524ff621491dc5, createdAt=2023-08-15T18:44:43.783Z, updatedAt=2025-06-27T12:47:06.950Z, deletedInfoField={isDeleted=false}, formFields=[Active, Radius, Rate Modifier, Address], internalIdentifier=van, icon=683f508293b1e43050170565}, {id=64dbc7977c524ff621491dbd, createdAt=2023-08-15T18:44:39.757Z, updatedAt=2025-06-27T12:47:07.123Z, deletedInfoField={isDeleted=false}, formFields=[Active, Rate Modifier, Address, Insurance Accepted, Self-Pay Accepted], internalIdentifier=facility, icon=683f49228e22c85d934546c3}, {id=64dbc7a97c524ff621491dd5, createdAt=2023-08-15T18:44:57.203Z, updatedAt=2025-06-27T12:47:07.121Z, deletedInfoField={isDeleted=false}, formFields=[Active, Rate Modifier, Address], internalIdentifier=telemedicine, icon=683f496c93b1e4305016eb25}], hsaEligible=true, competitivePrice=43, materialPrice=34, materialMarkup=24, pharmaceuticalPrice=50, pharmaceuticalMarkup=20, procedurePrice=130, memberAppFee=10, nonMemberAppFee=20, deletedInfoField={isDeleted=false}, createdAt=2024-05-17T05:55:30.300Z, updatedAt=2025-10-26T07:24:27.450Z, procedurePdf=null, procedureTermDate=2027-05-17T18:30:00.000Z, deepLink=https://revdoc.app.link/vdF0GiKTzMb, deepLinkId=66d66760ba564d7c9b665aa6, availableForOnline=false, isRevPlusSpecials=false, onlineOnlyShowProgram=66b14e2ac805ed6f04dc3c1e, payToProvider={}, providerDeliveryFee=0, isProgramOnlyProcedure=false, isPharmaDirectProcedure=true, onlineOnlyProcedurePrices={basic=325.39, plus=298.28}, applicableMemberTypes=[normal], telemedicineCallTime=15, isRevPrivateFreeProcedure=false, isPopup=false, petTypes=[], addOnProcedures2=[], countryCode=US, applicableGenders=[male, female, others], isCanadianFreeProcedure=false, isTaxable=true, isBiomarkerProcedure=false, finalPrice=102.16, totalProductPrice=232.16, affiliateTotalMemberPrice=255.38, finalBasicMembershipPrice=278.59, finalPlusMembershipPrice=255.38, finalPrivateMembershipPrice=102.16, amountEligibleForRevcash=130}, {id=68750e42aae993faf3d4ca34, deepLinkId=68750e42aae993faf3d4ca32, deepLink=https://revdoc.app.link/gIaiRacVZUb, addOnProcedures=[], addOnProcedures2=[], addOnOnly=false, availableForOnline=false, procedureName=Adrinalin, procedureHomeScreenSubtitle=Text a Doc, isGeneralProcedure=false, applicableGenders=[male, female], applicableMemberTypes=[normal, dependent, pet], petTypes=[cat, dog], isRevPlusSpecials=false, isProgramOnlyProcedure=false, isDeaOnly=false, isRevPrivate=false, isRevPrivateFreeProcedure=false, procedureCategory=[{id=663369da8d3d8d8a53932a88, procedureCategoryName=Adrenalin, isRevPrivate=false, procedureCategoryEffectiveDate=2024-05-01T10:23:56.281Z, procedureCategoryTermDate=2025-09-30T18:30:00.000Z, icon=ear, deletedInfoField={isDeleted=false}, createdAt=2024-05-02T10:24:26.885Z, updatedAt=2025-10-22T11:24:22.521Z, categoryIcon={id=67c898e15979ce40f64abaaa, mediaType=Home Screen Icon Image, deletedInfoField={isDeleted=false}, muxVideo={}, ownerId=d60897b2-c527-4ec3-b686-f29d9df50970, filename=pro-4.png, mimeType=image/png, filesize=132072, width=412, height=396, createdAt=2025-03-05T18:33:05.920Z, updatedAt=2025-03-05T18:33:05.920Z, url=https://d2hq8lgymb4gmu.cloudfront.net/pro-4.png}, procedurePriority=[{procedure=667a7be694cedcce652959eb, id=68f74bc8566d5c0001521865}]}], countryCode=US, procedureInclusions=[{title=Text a Doc, subTitle=Text a Doc, id=68750e429710b50001223799}], procedureSymptoms=[{id=65b23acc4a9bf9fee7b363ff, symptomName=MIGRIANE, effectiveDate=2024-01-01T10:41:12.144Z, deletedInfoField={isDeleted=false}, createdAt=2024-01-25T10:41:16.556Z, updatedAt=2024-04-17T12:20:54.301Z, termDate=null}], symptoms=[{symptomName=MIGRIANE, id=68fdca1b01e6950001a4eaee}], procedureImage={id=68750e41aae993faf3d4ca2f, mediaType=Procedure Image, deletedInfoField={isDeleted=false}, muxVideo={}, ownerId=7175768f-5a38-4153-acd3-295774d0d68f, filename=umNC-paypal_two.png, mimeType=image/png, filesize=1824, width=310, height=163, createdAt=2025-07-14T14:03:45.395Z, updatedAt=2025-07-14T14:03:45.395Z, url=https://d2hq8lgymb4gmu.cloudfront.net/umNC-paypal_two.png}, procedureTime=10, aboutText=Text a Doc, procedureStepsText=Text a Doc, groupProcedure=false, postCareInstructionsText=Text a Doc, orderingDependent=false, procedureEffectiveDate=2025-07-14T14:02:32.900Z, providerTypes=[{id=673cbb80c40e050648711ab3, providerTypeName=PSYD, requiresSpecialtyType=false, canSupervise=false, canPrescribe=false, canCreatePrivatePractice=false, isVetProviderType=false, selectable=true, hasDoctorTitle=true, countryCodes=[US, CA], fellowship=false, mohBillingNumber=true, orderSupplies=false, residency=false, hideSupervision=true, programCreation=true, revPractice=true, deletedInfoField={}}, {id=673cbb80c40e050648711ab4, providerTypeName=PHD, requiresSpecialtyType=false, canSupervise=false, canPrescribe=false, canCreatePrivatePractice=false, isVetProviderType=false, selectable=true, hasDoctorTitle=true, countryCodes=[US, CA], fellowship=false, mohBillingNumber=true, orderSupplies=false, residency=false, hideSupervision=true, programCreation=true, revPractice=true, deletedInfoField={}}, {id=673cbb80c40e050648711ab7, providerTypeName=BCBA, requiresSpecialtyType=false, canSupervise=false, canPrescribe=true, canCreatePrivatePractice=false, isVetProviderType=false, selectable=true, countryCodes=[US, CA], fellowship=false, mohBillingNumber=true, orderSupplies=false, residency=false, deletedInfoField={isDeleted=false}, updatedAt=2025-07-15T07:12:08.934Z, hideSupervision=true, programCreation=true, revPractice=true}, {id=673cbb80c40e050648711ab5, providerTypeName=LPC, requiresSpecialtyType=false, canSupervise=false, canPrescribe=false, canCreatePrivatePractice=false, isVetProviderType=false, selectable=true, countryCodes=[US, CA], fellowship=false, mohBillingNumber=true, orderSupplies=false, residency=false, hideSupervision=true, programCreation=true, revPractice=true, deletedInfoField={}}, {id=673cbb80c40e050648711ab8, providerTypeName=DPT, requiresSpecialtyType=false, canSupervise=false, canPrescribe=false, canCreatePrivatePractice=false, isVetProviderType=false, selectable=true, hasDoctorTitle=true, countryCodes=[US, CA], programCreation=true, revPractice=true, hideSupervision=true, deletedInfoField={}}, {id=673cbb80c40e050648711ab6, providerTypeName=LMHC, requiresSpecialtyType=false, canSupervise=false, canPrescribe=false, canCreatePrivatePractice=false, isVetProviderType=false, selectable=true, countryCodes=[US, CA], fellowship=false, mohBillingNumber=true, orderSupplies=false, residency=false, hideSupervision=true, programCreation=true, revPractice=true, deletedInfoField={}}, {id=673cbb80c40e050648711ab9, providerTypeName=MPT, requiresSpecialtyType=false, canSupervise=false, canPrescribe=false, canCreatePrivatePractice=false, isVetProviderType=false, selectable=true, countryCodes=[US, CA], programCreation=true, revPractice=true, hideSupervision=true, deletedInfoField={}}, {id=673cbb80c40e050648711aba, providerTypeName=MSPT, requiresSpecialtyType=false, canSupervise=false, canPrescribe=false, canCreatePrivatePractice=false, isVetProviderType=false, selectable=true, countryCodes=[US, CA], programCreation=true, revPractice=true, hideSupervision=true, deletedInfoField={}}, {id=673f96fcfe30544921bb2be5, providerTypeName=DVM, requiresSpecialtyType=false, canSupervise=false, canPrescribe=true, canCreatePrivatePractice=false, isVetProviderType=true, selectable=true, hasDoctorTitle=true, countryCodes=[US, CA], fellowship=true, mohBillingNumber=true, orderSupplies=true, residency=true, hideSupervision=true, programCreation=true, revPractice=true, deletedInfoField={}}, {id=655e2fabc4476b513f8d4bfc, providerTypeName=DO, createdAt=2023-08-15T18:37:06.735Z, updatedAt=2023-10-17T20:10:18.373Z, requiresSpecialtyType=true, canSupervise=true, deletedInfoField={isDeleted=false}, canCreatePrivatePractice=true, canPrescribe=true, isVetProviderType=false, selectable=true, hasDoctorTitle=true, countryCodes=[US, CA], fellowship=true, mohBillingNumber=true, orderSupplies=true, residency=true, programCreation=true, revPractice=true, hideSupervision=false}, {id=64dbc5d214d9e622cbc0d9d0, providerTypeName=MD, createdAt=2023-08-15T18:37:06.735Z, updatedAt=2023-10-17T20:10:18.373Z, requiresSpecialtyType=true, canSupervise=true, deletedInfoField={isDeleted=false}, canCreatePrivatePractice=true, canPrescribe=true, isVetProviderType=false, selectable=true, hasDoctorTitle=true, countryCodes=[US, CA], fellowship=true, mohBillingNumber=true, orderSupplies=true, residency=true, programCreation=true, revPractice=true, hideSupervision=false}, {id=655e2f5cc4476b513f8d4bfa, providerTypeName=APN, createdAt=2023-08-15T18:37:20.566Z, updatedAt=2023-10-16T13:31:58.997Z, requiresSpecialtyType=false, canSupervise=false, deletedInfoField={isDeleted=false}, canCreatePrivatePractice=false, canPrescribe=true, isVetProviderType=false, selectable=true, countryCodes=[US, CA], fellowship=false, mohBillingNumber=true, orderSupplies=true, residency=false, hideSupervision=false, programCreation=true, revPractice=true}, {id=64dbc5e014d9e622cbc0d9d8, providerTypeName=NP, createdAt=2023-08-15T18:37:20.566Z, updatedAt=2023-10-16T13:31:58.997Z, requiresSpecialtyType=false, canSupervise=false, deletedInfoField={isDeleted=false}, canCreatePrivatePractice=false, canPrescribe=true, isVetProviderType=false, selectable=true, countryCodes=[US, CA], programCreation=true, revPractice=true, orderSupplies=true}, {id=64dbc5f014d9e622cbc0d9e0, providerTypeName=DT, createdAt=2023-08-15T18:37:36.061Z, updatedAt=2023-10-16T13:32:04.893Z, requiresSpecialtyType=false, canSupervise=false, deletedInfoField={isDeleted=false}, canCreatePrivatePractice=false, canPrescribe=false, isVetProviderType=false, selectable=true, countryCodes=[US, CA], programCreation=false, revPractice=false, hideSupervision=true}, {id=64dbc5f914d9e622cbc0d9e8, providerTypeName=PA, createdAt=2023-08-15T18:37:45.179Z, updatedAt=2023-10-16T13:32:11.584Z, requiresSpecialtyType=false, canSupervise=false, deletedInfoField={isDeleted=false}, canCreatePrivatePractice=false, canPrescribe=true, isVetProviderType=false, selectable=true, countryCodes=[US, CA], fellowship=false, mohBillingNumber=false, orderSupplies=true, residency=false, programCreation=true, revPractice=false, hideSupervision=false}, {id=64dbc60114d9e622cbc0d9f0, providerTypeName=PHA, createdAt=2023-08-15T18:37:53.013Z, updatedAt=2023-10-16T13:32:17.408Z, requiresSpecialtyType=false, canSupervise=false, deletedInfoField={isDeleted=false}, canCreatePrivatePractice=false, canPrescribe=false, isVetProviderType=false, selectable=true, countryCodes=[US, CA], programCreation=true, revPractice=false, hideSupervision=true}, {id=65022a52462b67ed989dc046, providerTypeName=DDS, requiresSpecialtyType=false, createdAt=2023-09-13T21:32:02.555Z, updatedAt=2024-03-22T18:12:01.878Z, canSupervise=false, deletedInfoField={isDeleted=false}, canCreatePrivatePractice=false, canPrescribe=false, isVetProviderType=false, selectable=true, hasDoctorTitle=true, countryCodes=[US, CA], programCreation=true, revPractice=true, hideSupervision=true}, {id=650de7739c7984604397496f, providerTypeName=DMD, requiresSpecialtyType=false, createdAt=2023-09-22T19:13:55.127Z, updatedAt=2023-10-16T13:33:04.375Z, canSupervise=false, deletedInfoField={isDeleted=false}, canCreatePrivatePractice=false, canPrescribe=false, isVetProviderType=false, selectable=true, hasDoctorTitle=true, countryCodes=[US, CA], programCreation=true, revPractice=true, hideSupervision=true}, {id=651312c6c5977ccf874eecf5, providerTypeName=DPM, requiresSpecialtyType=false, createdAt=2023-09-26T17:20:06.950Z, updatedAt=2023-10-16T13:33:09.309Z, canSupervise=false, deletedInfoField={isDeleted=false}, canCreatePrivatePractice=false, canPrescribe=false, isVetProviderType=false, selectable=true, hasDoctorTitle=true, countryCodes=[US, CA], fellowship=true, mohBillingNumber=true, orderSupplies=false, residency=true, hideSupervision=true, programCreation=true, revPractice=true}, {id=652d3b2d50161ec366ec3b31, providerTypeName=DC, requiresSpecialtyType=false, canSupervise=false, deletedInfoField={isDeleted=false}, createdAt=2023-10-16T13:31:25.863Z, updatedAt=2023-10-16T13:31:25.863Z, canCreatePrivatePractice=false, canPrescribe=false, isVetProviderType=false, selectable=true, hasDoctorTitle=true, countryCodes=[US, CA], fellowship=false, mohBillingNumber=true, orderSupplies=true, residency=false, hideSupervision=true, programCreation=true, revPractice=true}, {id=655ba98bf19122b5b4c588c5, providerTypeName=OT, requiresSpecialtyType=false, canSupervise=false, deletedInfoField={isDeleted=false}, createdAt=2023-11-20T18:46:35.319Z, updatedAt=2023-11-20T18:46:35.319Z, canCreatePrivatePractice=false, canPrescribe=false, isVetProviderType=false, selectable=true, countryCodes=[US, CA], programCreation=true, revPractice=true, hideSupervision=true}, {id=655ba9abf19122b5b4c588ca, providerTypeName=PT, requiresSpecialtyType=false, canSupervise=false, deletedInfoField={isDeleted=false}, createdAt=2023-11-20T18:47:07.115Z, updatedAt=2023-11-20T18:47:07.115Z, canCreatePrivatePractice=false, canPrescribe=false, isVetProviderType=false, selectable=true, countryCodes=[US, CA], programCreation=true, revPractice=true, hideSupervision=true}, {id=655e2f5cc4476b513f8d4bf9, providerTypeName=SLP, requiresSpecialtyType=false, canSupervise=false, deletedInfoField={isDeleted=false}, createdAt=2023-11-20T18:47:32.492Z, updatedAt=2023-11-20T18:47:32.492Z, canCreatePrivatePractice=false, canPrescribe=false, isVetProviderType=false, selectable=true, countryCodes=[US, CA], programCreation=true, revPractice=true, hideSupervision=true}, {id=67aefca5ad25144fc89e8bb9, providerTypeName=VMD, requiresSpecialtyType=false, canSupervise=false, canPrescribe=true, isVetProviderType=true, canCreatePrivatePractice=false, createdAt=2025-02-14T08:19:49.210Z, updatedAt=2025-02-14T08:19:49.210Z, selectable=true, hasDoctorTitle=true, countryCodes=[US, CA], fellowship=false, mohBillingNumber=true, orderSupplies=true, residency=false, hideSupervision=true, programCreation=true, revPractice=true, deletedInfoField={}}, {id=67c5572af479ae4cba39b4d8, providerTypeName=RN, requiresSpecialtyType=false, canSupervise=false, canPrescribe=false, canCreatePrivatePractice=false, isVetProviderType=false, selectable=true, createdAt=2025-03-03T07:15:54.429Z, updatedAt=2025-03-03T07:15:54.430Z, countryCodes=[US, CA], fellowship=false, mohBillingNumber=false, orderSupplies=false, residency=false, programCreation=true, revPractice=true, hideSupervision=true, deletedInfoField={}}, {id=684d943966bf7828b5bbd959, providerTypeName=APRN, countryCodes=[US, CA], requiresSpecialtyType=false, canSupervise=false, canPrescribe=true, canCreatePrivatePractice=false, isVetProviderType=false, selectable=true, createdAt=2025-06-14T15:24:41.236Z, updatedAt=2025-06-14T15:24:41.236Z, fellowship=false, mohBillingNumber=true, orderSupplies=true, residency=false, programCreation=true, revPractice=true, hideSupervision=false, deletedInfoField={}}], deliveryMethods=[{id=64dbc7977c524ff621491dbd, createdAt=2023-08-15T18:44:39.757Z, updatedAt=2025-06-27T12:47:07.123Z, deletedInfoField={isDeleted=false}, formFields=[Active, Rate Modifier, Address, Insurance Accepted, Self-Pay Accepted], internalIdentifier=facility, icon=683f49228e22c85d934546c3}, {id=64dbc7a37c524ff621491dcd, createdAt=2023-08-15T18:44:51.943Z, updatedAt=2025-06-27T12:47:07.294Z, deletedInfoField={isDeleted=false}, formFields=[Active, Rate Modifier, Radius, Address], internalIdentifier=house-call, icon=683f4972bb1e28cb1ac25102}, {id=64dbc79b7c524ff621491dc5, createdAt=2023-08-15T18:44:43.783Z, updatedAt=2025-06-27T12:47:06.950Z, deletedInfoField={isDeleted=false}, formFields=[Active, Radius, Rate Modifier, Address], internalIdentifier=van, icon=683f508293b1e43050170565}], telemedicineCallTime=15, hsaEligible=false, competitivePrice=0, materialPrice=0, materialMarkup=0, pharmaceuticalPrice=0, pharmaceuticalMarkup=0, onlineOnlySubtitle=Text a Doc, onlineOnlyBulletText=Text a Doc, payToProvider={}, providerDeliveryFee=0, isRevTogether=false, isPharmaDirectProcedure=false, onlineOnlyProcedurePrices={basic=39, plus=39}, isMemberOnly=false, deletedInfoField={isDeleted=false}, createdAt=2025-07-14T14:03:46.641Z, updatedAt=2025-10-26T07:13:31.583Z, procedurePdf=null, procedureVideo=null, memberAppFee=0, nonMemberAppFee=0, isCanadianFreeProcedure=false, isTaxable=false, finalPrice=0, totalProductPrice=0, affiliateTotalMemberPrice=0, finalBasicMembershipPrice=0, finalPlusMembershipPrice=0, finalPrivateMembershipPrice=0}, {id=66bf3ab2e55175548150e8cf, deepLinkId=66d6676bba564d7c9b665e36, deepLink=https://revdoc.app.link/YQIm1bLTzMb, addOnProcedures=[], addOnOnly=true, availableForOnline=false, procedureName=+AB AutoAddon, isGeneralProcedure=false, isRevPlusSpecials=false, isDeaOnly=false, isRevPrivate=true, procedureCategory=[{id=6602e8a689cc3ee40952891a, procedureCategoryName=Sports Medicine, isRevPrivate=true, procedureCategoryEffectiveDate=2024-03-25T15:24:04.415Z, icon=people-fill, deletedInfoField={isDeleted=false}, createdAt=2024-03-26T15:24:22.313Z, updatedAt=2025-10-22T11:19:09.315Z, procedureCategoryTermDate=2025-10-20T18:30:00.000Z, categoryIcon={id=67c88d5736a67666360895da, mediaType=Home Screen Icon Image, deletedInfoField={isDeleted=false}, muxVideo={}, ownerId=d60897b2-c527-4ec3-b686-f29d9df50970, filename=lasers-4.png, mimeType=image/png, filesize=12086, width=316, height=290, createdAt=2025-03-05T17:43:51.041Z, updatedAt=2025-03-05T17:43:51.041Z, url=https://d2hq8lgymb4gmu.cloudfront.net/lasers-4.png}}, {id=66cdbc41fe9f9b13bdaa752a, procedureCategoryName=Bacteria, isRevPrivate=false, procedureCategoryEffectiveDate=2024-08-26T18:30:00.000Z, icon=lab-vile, deletedInfoField={isDeleted=false}, createdAt=2024-08-27T11:45:05.198Z, updatedAt=2025-10-22T11:23:58.838Z, categoryIcon={id=671f54af260d64d48d04bac8, mediaType=Home Screen Icon Image, deletedInfoField={isDeleted=false}, ownerId=d60897b2-c527-4ec3-b686-f29d9df50970, filename=iv therapy-5.png, mimeType=image/png, filesize=2294, width=176, height=129, createdAt=2024-10-28T09:09:03.296Z, updatedAt=2024-10-28T09:09:03.296Z, muxVideo={}, url=https://d2hq8lgymb4gmu.cloudfront.net/iv therapy-5.png}, procedureCategoryTermDate=2025-09-30T18:30:00.000Z, procedurePriority=[{procedure=6688143a513fef4dd879a924, id=68f243fdc8588800019e6f6f}, {procedure=66f5672caf92207c3744d1b8, id=68f243fdc8588800019e6f70}, {procedure=672213c5e44015de4ffe1dd9, id=68f243fdc8588800019e6f71}, {procedure=6864f68f9fe8d35e64e6e0bd, id=68f243fdc8588800019e6f72}, {procedure=6784cb785bcd1e770248d58c, id=68f243fdc8588800019e6f73}]}], procedureSymptoms=[{id=66b132eb1d510209c42b2196, symptomName=Symptom9076, effectiveDate=2024-04-27T08:16:23.675Z, deletedInfoField={isDeleted=false}, createdAt=2024-08-05T20:15:39.812Z, updatedAt=2024-08-05T20:15:39.812Z}, {id=66afc6f115752e6ff8b6915d, symptomName=Symptom1719, effectiveDate=2024-04-27T08:16:23.675Z, deletedInfoField={isDeleted=false}, createdAt=2024-08-04T18:22:41.633Z, updatedAt=2024-08-04T18:22:41.633Z}], symptoms=[{symptomName=Symptom1719, id=68fdb891dd0ff200012d7882}, {symptomName=Symptom9076, id=68fdb891dd0ff200012d7883}], procedureImage={id=66bf3ab1ab63e2de8d079697, mediaType=Procedure Image, deletedInfoField={isDeleted=false}, ownerId=d60897b2-c527-4ec3-b686-f29d9df50970, filename=medicine-15.png, mimeType=image/png, filesize=426411, width=848, height=565, createdAt=2024-08-16T11:40:33.420Z, updatedAt=2024-08-16T11:40:33.420Z, muxVideo={}, url=https://d2hq8lgymb4gmu.cloudfront.net/medicine-15.png}, cptCode=23422333, procedureTime=12, aboutText=test, procedureStepsText=test, groupProcedure=false, procedureTimePerPerson=12, procedureKitIds=1, postCareInstructionsText=test, orderingDependent=false, deliveryTime=12, procedureEffectiveDate=2024-08-13T18:30:00.000Z, providerTypes=[{id=655e2fabc4476b513f8d4bfc, providerTypeName=DO, createdAt=2023-08-15T18:37:06.735Z, updatedAt=2023-10-17T20:10:18.373Z, requiresSpecialtyType=true, canSupervise=true, deletedInfoField={isDeleted=false}, canCreatePrivatePractice=true, canPrescribe=true, isVetProviderType=false, selectable=true, hasDoctorTitle=true, countryCodes=[US, CA], fellowship=true, mohBillingNumber=true, orderSupplies=true, residency=true, programCreation=true, revPractice=true, hideSupervision=false}, {id=64dbc5d214d9e622cbc0d9d0, providerTypeName=MD, createdAt=2023-08-15T18:37:06.735Z, updatedAt=2023-10-17T20:10:18.373Z, requiresSpecialtyType=true, canSupervise=true, deletedInfoField={isDeleted=false}, canCreatePrivatePractice=true, canPrescribe=true, isVetProviderType=false, selectable=true, hasDoctorTitle=true, countryCodes=[US, CA], fellowship=true, mohBillingNumber=true, orderSupplies=true, residency=true, programCreation=true, revPractice=true, hideSupervision=false}, {id=655e2f5cc4476b513f8d4bfa, providerTypeName=APN, createdAt=2023-08-15T18:37:20.566Z, updatedAt=2023-10-16T13:31:58.997Z, requiresSpecialtyType=false, canSupervise=false, deletedInfoField={isDeleted=false}, canCreatePrivatePractice=false, canPrescribe=true, isVetProviderType=false, selectable=true, countryCodes=[US, CA], fellowship=false, mohBillingNumber=true, orderSupplies=true, residency=false, hideSupervision=false, programCreation=true, revPractice=true}, {id=64dbc5e014d9e622cbc0d9d8, providerTypeName=NP, createdAt=2023-08-15T18:37:20.566Z, updatedAt=2023-10-16T13:31:58.997Z, requiresSpecialtyType=false, canSupervise=false, deletedInfoField={isDeleted=false}, canCreatePrivatePractice=false, canPrescribe=true, isVetProviderType=false, selectable=true, countryCodes=[US, CA], programCreation=true, revPractice=true, orderSupplies=true}, {id=64dbc5f014d9e622cbc0d9e0, providerTypeName=DT, createdAt=2023-08-15T18:37:36.061Z, updatedAt=2023-10-16T13:32:04.893Z, requiresSpecialtyType=false, canSupervise=false, deletedInfoField={isDeleted=false}, canCreatePrivatePractice=false, canPrescribe=false, isVetProviderType=false, selectable=true, countryCodes=[US, CA], programCreation=false, revPractice=false, hideSupervision=true}, {id=64dbc5f914d9e622cbc0d9e8, providerTypeName=PA, createdAt=2023-08-15T18:37:45.179Z, updatedAt=2023-10-16T13:32:11.584Z, requiresSpecialtyType=false, canSupervise=false, deletedInfoField={isDeleted=false}, canCreatePrivatePractice=false, canPrescribe=true, isVetProviderType=false, selectable=true, countryCodes=[US, CA], fellowship=false, mohBillingNumber=false, orderSupplies=true, residency=false, programCreation=true, revPractice=false, hideSupervision=false}, {id=64dbc60114d9e622cbc0d9f0, providerTypeName=PHA, createdAt=2023-08-15T18:37:53.013Z, updatedAt=2023-10-16T13:32:17.408Z, requiresSpecialtyType=false, canSupervise=false, deletedInfoField={isDeleted=false}, canCreatePrivatePractice=false, canPrescribe=false, isVetProviderType=false, selectable=true, countryCodes=[US, CA], programCreation=true, revPractice=false, hideSupervision=true}, {id=65022a52462b67ed989dc046, providerTypeName=DDS, requiresSpecialtyType=false, createdAt=2023-09-13T21:32:02.555Z, updatedAt=2024-03-22T18:12:01.878Z, canSupervise=false, deletedInfoField={isDeleted=false}, canCreatePrivatePractice=false, canPrescribe=false, isVetProviderType=false, selectable=true, hasDoctorTitle=true, countryCodes=[US, CA], programCreation=true, revPractice=true, hideSupervision=true}, {id=650de7739c7984604397496f, providerTypeName=DMD, requiresSpecialtyType=false, createdAt=2023-09-22T19:13:55.127Z, updatedAt=2023-10-16T13:33:04.375Z, canSupervise=false, deletedInfoField={isDeleted=false}, canCreatePrivatePractice=false, canPrescribe=false, isVetProviderType=false, selectable=true, hasDoctorTitle=true, countryCodes=[US, CA], programCreation=true, revPractice=true, hideSupervision=true}, {id=651312c6c5977ccf874eecf5, providerTypeName=DPM, requiresSpecialtyType=false, createdAt=2023-09-26T17:20:06.950Z, updatedAt=2023-10-16T13:33:09.309Z, canSupervise=false, deletedInfoField={isDeleted=false}, canCreatePrivatePractice=false, canPrescribe=false, isVetProviderType=false, selectable=true, hasDoctorTitle=true, countryCodes=[US, CA], fellowship=true, mohBillingNumber=true, orderSupplies=false, residency=true, hideSupervision=true, programCreation=true, revPractice=true}, {id=652d3b2d50161ec366ec3b31, providerTypeName=DC, requiresSpecialtyType=false, canSupervise=false, deletedInfoField={isDeleted=false}, createdAt=2023-10-16T13:31:25.863Z, updatedAt=2023-10-16T13:31:25.863Z, canCreatePrivatePractice=false, canPrescribe=false, isVetProviderType=false, selectable=true, hasDoctorTitle=true, countryCodes=[US, CA], fellowship=false, mohBillingNumber=true, orderSupplies=true, residency=false, hideSupervision=true, programCreation=true, revPractice=true}, {id=655ba98bf19122b5b4c588c5, providerTypeName=OT, requiresSpecialtyType=false, canSupervise=false, deletedInfoField={isDeleted=false}, createdAt=2023-11-20T18:46:35.319Z, updatedAt=2023-11-20T18:46:35.319Z, canCreatePrivatePractice=false, canPrescribe=false, isVetProviderType=false, selectable=true, countryCodes=[US, CA], programCreation=true, revPractice=true, hideSupervision=true}, {id=655ba9abf19122b5b4c588ca, providerTypeName=PT, requiresSpecialtyType=false, canSupervise=false, deletedInfoField={isDeleted=false}, createdAt=2023-11-20T18:47:07.115Z, updatedAt=2023-11-20T18:47:07.115Z, canCreatePrivatePractice=false, canPrescribe=false, isVetProviderType=false, selectable=true, countryCodes=[US, CA], programCreation=true, revPractice=true, hideSupervision=true}, {id=655e2f5cc4476b513f8d4bf9, providerTypeName=SLP, requiresSpecialtyType=false, canSupervise=false, deletedInfoField={isDeleted=false}, createdAt=2023-11-20T18:47:32.492Z, updatedAt=2023-11-20T18:47:32.492Z, canCreatePrivatePractice=false, canPrescribe=false, isVetProviderType=false, selectable=true, countryCodes=[US, CA], programCreation=true, revPractice=true, hideSupervision=true}], deliveryMethods=[{id=64dbc7977c524ff621491dbd, createdAt=2023-08-15T18:44:39.757Z, updatedAt=2025-06-27T12:47:07.123Z, deletedInfoField={isDeleted=false}, formFields=[Active, Rate Modifier, Address, Insurance Accepted, Self-Pay Accepted], internalIdentifier=facility, icon=683f49228e22c85d934546c3}, {id=64dbc79b7c524ff621491dc5, createdAt=2023-08-15T18:44:43.783Z, updatedAt=2025-06-27T12:47:06.950Z, deletedInfoField={isDeleted=false}, formFields=[Active, Radius, Rate Modifier, Address], internalIdentifier=van, icon=683f508293b1e43050170565}, {id=64dbc7a37c524ff621491dcd, createdAt=2023-08-15T18:44:51.943Z, updatedAt=2025-06-27T12:47:07.294Z, deletedInfoField={isDeleted=false}, formFields=[Active, Rate Modifier, Radius, Address], internalIdentifier=house-call, icon=683f4972bb1e28cb1ac25102}, {id=64dbc7a97c524ff621491dd5, createdAt=2023-08-15T18:44:57.203Z, updatedAt=2025-06-27T12:47:07.121Z, deletedInfoField={isDeleted=false}, formFields=[Active, Rate Modifier, Address], internalIdentifier=telemedicine, icon=683f496c93b1e4305016eb25}], hsaEligible=false, competitivePrice=12, materialPrice=11, materialMarkup=16, pharmaceuticalPrice=12, pharmaceuticalMarkup=122, procedurePrice=1, memberAppFee=10, nonMemberAppFee=20, deletedInfoField={isDeleted=false}, createdAt=2024-08-16T11:40:34.328Z, updatedAt=2025-10-26T05:58:41.507Z, payToProvider={}, providerDeliveryFee=0, procedurePdf=null, procedureVideo=null, isProgramOnlyProcedure=false, isPharmaDirectProcedure=false, onlineOnlyProcedurePrices={basic=95.28, plus=87.34}, applicableMemberTypes=[normal, dependent, pet], telemedicineCallTime=15, isRevPrivateFreeProcedure=false, isPopup=false, petTypes=[cat, dog], countryCode=US, applicableGenders=[male, female, others], isCanadianFreeProcedure=false, isTaxable=true, isBiomarkerProcedure=false, finalPrice=39.4, totalProductPrice=40.4, affiliateTotalMemberPrice=44.44, finalBasicMembershipPrice=48.48, finalPlusMembershipPrice=44.44, finalPrivateMembershipPrice=39.4, amountEligibleForRevcash=1}, {id=65987c6fbf2b99651982daef, procedureName=Nose, isGeneralProcedure=false, isRevPrivate=true, procedureCategory=[{id=659878d7bf2b99651982da3e, procedureCategoryName=HeadAch, isRevPrivate=true, procedureCategoryEffectiveDate=2024-01-05T21:46:56.246Z, procedureCategoryTermDate=2024-01-15T15:47:49.041Z, icon=stars, deletedInfoField={isDeleted=false}, createdAt=2024-01-05T21:47:03.963Z, updatedAt=2024-02-03T12:22:59.936Z, categoryIcon={id=671f54af260d64d48d04bac8, mediaType=Home Screen Icon Image, deletedInfoField={isDeleted=false}, ownerId=d60897b2-c527-4ec3-b686-f29d9df50970, filename=iv therapy-5.png, mimeType=image/png, filesize=2294, width=176, height=129, createdAt=2024-10-28T09:09:03.296Z, updatedAt=2024-10-28T09:09:03.296Z, muxVideo={}, url=https://d2hq8lgymb4gmu.cloudfront.net/iv therapy-5.png}}, {id=6598799ebf2b99651982da51, procedureCategoryName=NoseP, isRevPrivate=true, procedureCategoryEffectiveDate=2024-01-05T21:50:14.139Z, procedureCategoryTermDate=2024-01-31T21:50:16.839Z, icon=stars, deletedInfoField={isDeleted=false}, createdAt=2024-01-05T21:50:22.071Z, updatedAt=2024-01-05T21:50:22.071Z, categoryIcon={id=671f54af260d64d48d04bac8, mediaType=Home Screen Icon Image, deletedInfoField={isDeleted=false}, ownerId=d60897b2-c527-4ec3-b686-f29d9df50970, filename=iv therapy-5.png, mimeType=image/png, filesize=2294, width=176, height=129, createdAt=2024-10-28T09:09:03.296Z, updatedAt=2024-10-28T09:09:03.296Z, muxVideo={}, url=https://d2hq8lgymb4gmu.cloudfront.net/iv therapy-5.png}}, {id=659879b9468f06d8e05a470d, procedureCategor
[...]
Price=220, finalBasicMembershipPrice=240, finalPlusMembershipPrice=220, finalPrivateMembershipPrice=0, amountEligibleForRevcash=102}, {id=68d231d553387ed5453a2003, deepLinkId=68d231d553387ed5453a2001, deepLink=https://revdoc.app.link/1GCxZX6aTWb, addOnProcedures=[], addOnProcedures2=[], addOnOnly=false, availableForOnline=false, procedureName=Pulmonary Conditions, isGeneralProcedure=false, applicableGenders=[male, female], applicableMemberTypes=[normal, dependent, pet], petTypes=[cat, dog], isRevPlusSpecials=false, isProgramOnlyProcedure=false, isDeaOnly=false, isRevPrivate=false, isRevPrivateFreeProcedure=true, procedureCategory=[{id=663369da8d3d8d8a53932a88, procedureCategoryName=Adrenalin, isRevPrivate=false, procedureCategoryEffectiveDate=2024-05-01T10:23:56.281Z, procedureCategoryTermDate=2025-09-30T18:30:00.000Z, icon=ear, deletedInfoField={isDeleted=false}, createdAt=2024-05-02T10:24:26.885Z, updatedAt=2025-10-22T11:24:22.521Z, categoryIcon={id=67c898e15979ce40f64abaaa, mediaType=Home Screen Icon Image, deletedInfoField={isDeleted=false}, muxVideo={}, ownerId=d60897b2-c527-4ec3-b686-f29d9df50970, filename=pro-4.png, mimeType=image/png, filesize=132072, width=412, height=396, createdAt=2025-03-05T18:33:05.920Z, updatedAt=2025-03-05T18:33:05.920Z, url=https://d2hq8lgymb4gmu.cloudfront.net/pro-4.png}, procedurePriority=[{procedure=667a7be694cedcce652959eb, id=68f74bc8566d5c0001521865}]}], countryCode=US, procedureInclusions=[{title=Knee Arthroscopy Procedure, subTitle=Minimally invasive surgery to diagnose and treat knee joint problems, id=68d231d578791900019f4fca}], procedureSymptoms=[{id=65fb2a448a84eabe01cf355f, symptomName=Nerve issues, effectiveDate=2024-03-19T18:26:13.772Z, deletedInfoField={isDeleted=false}, createdAt=2024-03-20T18:26:12.961Z, updatedAt=2024-03-20T18:26:12.961Z}, {id=65fb19966eff85b870a6d6e8, symptomName=Hip pain, effectiveDate=2024-03-19T17:15:02.925Z, deletedInfoField={isDeleted=false}, createdAt=2024-03-20T17:15:02.205Z, updatedAt=2024-03-20T17:15:02.205Z}], symptoms=[{symptomName=Hip pain, id=68fced5fa2f7f70001c3c44d}, {symptomName=Nerve issues, id=68fced5fa2f7f70001c3c44e}], procedureImage={id=68d231d42fafb3eaa966247a, mediaType=Procedure Image, deletedInfoField={isDeleted=false}, muxVideo={}, ownerId=d60897b2-c527-4ec3-b686-f29d9df50970, filename=p4nE-Screenshot_2024-08-27_at_5.41.36_PM.png, mimeType=image/png, filesize=1244639, width=948, height=698, createdAt=2025-09-23T05:36:20.889Z, updatedAt=2025-09-23T05:36:20.889Z, url=https://d2hq8lgymb4gmu.cloudfront.net/p4nE-Screenshot_2024-08-27_at_5.41.36_PM.png}, procedureTime=10, aboutText=diagnostic, therapeutic, rehabilitative, or preventive, procedureStepsText=Perform hand hygiene
Surgical safety checklist
Administer anesthesia (if necessary)
Perform the procedure
Monitor patient vitals
Close the site, groupProcedure=false, postCareInstructionsText=Provide immediate care
Manage pain and wounds
Educate the patient
Document the procedure
Schedule follow-up, orderingDependent=false, procedureEffectiveDate=2025-09-22T06:00:00.000Z, providerTypes=[{id=673cbb80c40e050648711ab3, providerTypeName=PSYD, requiresSpecialtyType=false, canSupervise=false, canPrescribe=false, canCreatePrivatePractice=false, isVetProviderType=false, selectable=true, hasDoctorTitle=true, countryCodes=[US, CA], fellowship=false, mohBillingNumber=true, orderSupplies=false, residency=false, hideSupervision=true, programCreation=true, revPractice=true, deletedInfoField={}}, {id=673cbb80c40e050648711ab4, providerTypeName=PHD, requiresSpecialtyType=false, canSupervise=false, canPrescribe=false, canCreatePrivatePractice=false, isVetProviderType=false, selectable=true, hasDoctorTitle=true, countryCodes=[US, CA], fellowship=false, mohBillingNumber=true, orderSupplies=false, residency=false, hideSupervision=true, programCreation=true, revPractice=true, deletedInfoField={}}, {id=673cbb80c40e050648711ab7, providerTypeName=BCBA, requiresSpecialtyType=false, canSupervise=false, canPrescribe=true, canCreatePrivatePractice=false, isVetProviderType=false, selectable=true, countryCodes=[US, CA], fellowship=false, mohBillingNumber=true, orderSupplies=false, residency=false, deletedInfoField={isDeleted=false}, updatedAt=2025-07-15T07:12:08.934Z, hideSupervision=true, programCreation=true, revPractice=true}, {id=673cbb80c40e050648711ab5, providerTypeName=LPC, requiresSpecialtyType=false, canSupervise=false, canPrescribe=false, canCreatePrivatePractice=false, isVetProviderType=false, selectable=true, countryCodes=[US, CA], fellowship=false, mohBillingNumber=true, orderSupplies=false, residency=false, hideSupervision=true, programCreation=true, revPractice=true, deletedInfoField={}}, {id=673cbb80c40e050648711ab8, providerTypeName=DPT, requiresSpecialtyType=false, canSupervise=false, canPrescribe=false, canCreatePrivatePractice=false, isVetProviderType=false, selectable=true, hasDoctorTitle=true, countryCodes=[US, CA], programCreation=true, revPractice=true, hideSupervision=true, deletedInfoField={}}, {id=673cbb80c40e050648711ab6, providerTypeName=LMHC, requiresSpecialtyType=false, canSupervise=false, canPrescribe=false, canCreatePrivatePractice=false, isVetProviderType=false, selectable=true, countryCodes=[US, CA], fellowship=false, mohBillingNumber=true, orderSupplies=false, residency=false, hideSupervision=true, programCreation=true, revPractice=true, deletedInfoField={}}, {id=673cbb80c40e050648711ab9, providerTypeName=MPT, requiresSpecialtyType=false, canSupervise=false, canPrescribe=false, canCreatePrivatePractice=false, isVetProviderType=false, selectable=true, countryCodes=[US, CA], programCreation=true, revPractice=true, hideSupervision=true, deletedInfoField={}}, {id=673cbb80c40e050648711aba, providerTypeName=MSPT, requiresSpecialtyType=false, canSupervise=false, canPrescribe=false, canCreatePrivatePractice=false, isVetProviderType=false, selectable=true, countryCodes=[US, CA], programCreation=true, revPractice=true, hideSupervision=true, deletedInfoField={}}, {id=673f96fcfe30544921bb2be5, providerTypeName=DVM, requiresSpecialtyType=false, canSupervise=false, canPrescribe=true, canCreatePrivatePractice=false, isVetProviderType=true, selectable=true, hasDoctorTitle=true, countryCodes=[US, CA], fellowship=true, mohBillingNumber=true, orderSupplies=true, residency=true, hideSupervision=true, programCreation=true, revPractice=true, deletedInfoField={}}, {id=655e2fabc4476b513f8d4bfc, providerTypeName=DO, createdAt=2023-08-15T18:37:06.735Z, updatedAt=2023-10-17T20:10:18.373Z, requiresSpecialtyType=true, canSupervise=true, deletedInfoField={isDeleted=false}, canCreatePrivatePractice=true, canPrescribe=true, isVetProviderType=false, selectable=true, hasDoctorTitle=true, countryCodes=[US, CA], fellowship=true, mohBillingNumber=true, orderSupplies=true, residency=true, programCreation=true, revPractice=true, hideSupervision=false}, {id=64dbc5d214d9e622cbc0d9d0, providerTypeName=MD, createdAt=2023-08-15T18:37:06.735Z, updatedAt=2023-10-17T20:10:18.373Z, requiresSpecialtyType=true, canSupervise=true, deletedInfoField={isDeleted=false}, canCreatePrivatePractice=true, canPrescribe=true, isVetProviderType=false, selectable=true, hasDoctorTitle=true, countryCodes=[US, CA], fellowship=true, mohBillingNumber=true, orderSupplies=true, residency=true, programCreation=true, revPractice=true, hideSupervision=false}, {id=655e2f5cc4476b513f8d4bfa, providerTypeName=APN, createdAt=2023-08-15T18:37:20.566Z, updatedAt=2023-10-16T13:31:58.997Z, requiresSpecialtyType=false, canSupervise=false, deletedInfoField={isDeleted=false}, canCreatePrivatePractice=false, canPrescribe=true, isVetProviderType=false, selectable=true, countryCodes=[US, CA], fellowship=false, mohBillingNumber=true, orderSupplies=true, residency=false, hideSupervision=false, programCreation=true, revPractice=true}, {id=64dbc5e014d9e622cbc0d9d8, providerTypeName=NP, createdAt=2023-08-15T18:37:20.566Z, updatedAt=2023-10-16T13:31:58.997Z, requiresSpecialtyType=false, canSupervise=false, deletedInfoField={isDeleted=false}, canCreatePrivatePractice=false, canPrescribe=true, isVetProviderType=false, selectable=true, countryCodes=[US, CA], programCreation=true, revPractice=true, orderSupplies=true}, {id=64dbc5f014d9e622cbc0d9e0, providerTypeName=DT, createdAt=2023-08-15T18:37:36.061Z, updatedAt=2023-10-16T13:32:04.893Z, requiresSpecialtyType=false, canSupervise=false, deletedInfoField={isDeleted=false}, canCreatePrivatePractice=false, canPrescribe=false, isVetProviderType=false, selectable=true, countryCodes=[US, CA], programCreation=false, revPractice=false, hideSupervision=true}, {id=64dbc5f914d9e622cbc0d9e8, providerTypeName=PA, createdAt=2023-08-15T18:37:45.179Z, updatedAt=2023-10-16T13:32:11.584Z, requiresSpecialtyType=false, canSupervise=false, deletedInfoField={isDeleted=false}, canCreatePrivatePractice=false, canPrescribe=true, isVetProviderType=false, selectable=true, countryCodes=[US, CA], fellowship=false, mohBillingNumber=false, orderSupplies=true, residency=false, programCreation=true, revPractice=false, hideSupervision=false}, {id=64dbc60114d9e622cbc0d9f0, providerTypeName=PHA, createdAt=2023-08-15T18:37:53.013Z, updatedAt=2023-10-16T13:32:17.408Z, requiresSpecialtyType=false, canSupervise=false, deletedInfoField={isDeleted=false}, canCreatePrivatePractice=false, canPrescribe=false, isVetProviderType=false, selectable=true, countryCodes=[US, CA], programCreation=true, revPractice=false, hideSupervision=true}, {id=65022a52462b67ed989dc046, providerTypeName=DDS, requiresSpecialtyType=false, createdAt=2023-09-13T21:32:02.555Z, updatedAt=2024-03-22T18:12:01.878Z, canSupervise=false, deletedInfoField={isDeleted=false}, canCreatePrivatePractice=false, canPrescribe=false, isVetProviderType=false, selectable=true, hasDoctorTitle=true, countryCodes=[US, CA], programCreation=true, revPractice=true, hideSupervision=true}, {id=650de7739c7984604397496f, providerTypeName=DMD, requiresSpecialtyType=false, createdAt=2023-09-22T19:13:55.127Z, updatedAt=2023-10-16T13:33:04.375Z, canSupervise=false, deletedInfoField={isDeleted=false}, canCreatePrivatePractice=false, canPrescribe=false, isVetProviderType=false, selectable=true, hasDoctorTitle=true, countryCodes=[US, CA], programCreation=true, revPractice=true, hideSupervision=true}, {id=651312c6c5977ccf874eecf5, providerTypeName=DPM, requiresSpecialtyType=false, createdAt=2023-09-26T17:20:06.950Z, updatedAt=2023-10-16T13:33:09.309Z, canSupervise=false, deletedInfoField={isDeleted=false}, canCreatePrivatePractice=false, canPrescribe=false, isVetProviderType=false, selectable=true, hasDoctorTitle=true, countryCodes=[US, CA], fellowship=true, mohBillingNumber=true, orderSupplies=false, residency=true, hideSupervision=true, programCreation=true, revPractice=true}, {id=652d3b2d50161ec366ec3b31, providerTypeName=DC, requiresSpecialtyType=false, canSupervise=false, deletedInfoField={isDeleted=false}, createdAt=2023-10-16T13:31:25.863Z, updatedAt=2023-10-16T13:31:25.863Z, canCreatePrivatePractice=false, canPrescribe=false, isVetProviderType=false, selectable=true, hasDoctorTitle=true, countryCodes=[US, CA], fellowship=false, mohBillingNumber=true, orderSupplies=true, residency=false, hideSupervision=true, programCreation=true, revPractice=true}, {id=655ba98bf19122b5b4c588c5, providerTypeName=OT, requiresSpecialtyType=false, canSupervise=false, deletedInfoField={isDeleted=false}, createdAt=2023-11-20T18:46:35.319Z, updatedAt=2023-11-20T18:46:35.319Z, canCreatePrivatePractice=false, canPrescribe=false, isVetProviderType=false, selectable=true, countryCodes=[US, CA], programCreation=true, revPractice=true, hideSupervision=true}, {id=655ba9abf19122b5b4c588ca, providerTypeName=PT, requiresSpecialtyType=false, canSupervise=false, deletedInfoField={isDeleted=false}, createdAt=2023-11-20T18:47:07.115Z, updatedAt=2023-11-20T18:47:07.115Z, canCreatePrivatePractice=false, canPrescribe=false, isVetProviderType=false, selectable=true, countryCodes=[US, CA], programCreation=true, revPractice=true, hideSupervision=true}, {id=655e2f5cc4476b513f8d4bf9, providerTypeName=SLP, requiresSpecialtyType=false, canSupervise=false, deletedInfoField={isDeleted=false}, createdAt=2023-11-20T18:47:32.492Z, updatedAt=2023-11-20T18:47:32.492Z, canCreatePrivatePractice=false, canPrescribe=false, isVetProviderType=false, selectable=true, countryCodes=[US, CA], programCreation=true, revPractice=true, hideSupervision=true}, {id=67aefca5ad25144fc89e8bb9, providerTypeName=VMD, requiresSpecialtyType=false, canSupervise=false, canPrescribe=true, isVetProviderType=true, canCreatePrivatePractice=false, createdAt=2025-02-14T08:19:49.210Z, updatedAt=2025-02-14T08:19:49.210Z, selectable=true, hasDoctorTitle=true, countryCodes=[US, CA], fellowship=false, mohBillingNumber=true, orderSupplies=true, residency=false, hideSupervision=true, programCreation=true, revPractice=true, deletedInfoField={}}], deliveryMethods=[{id=64dbc7977c524ff621491dbd, createdAt=2023-08-15T18:44:39.757Z, updatedAt=2025-06-27T12:47:07.123Z, deletedInfoField={isDeleted=false}, formFields=[Active, Rate Modifier, Address, Insurance Accepted, Self-Pay Accepted], internalIdentifier=facility, icon=683f49228e22c85d934546c3}, {id=64dbc7a37c524ff621491dcd, createdAt=2023-08-15T18:44:51.943Z, updatedAt=2025-06-27T12:47:07.294Z, deletedInfoField={isDeleted=false}, formFields=[Active, Rate Modifier, Radius, Address], internalIdentifier=house-call, icon=683f4972bb1e28cb1ac25102}, {id=6691cf611924d5ea231d8a9a, deliveryMethodName=Text Messaging, formFields=[Active, Rate Modifier, Address], internalIdentifier=text-messaging, createdAt=2024-07-17T13:59:11.667Z, updatedAt=2025-06-27T12:47:07.308Z, onlineOnlyAppointmentDeliveryFee=39, onlineOnlyAppointmentProviderRevenue=25, deletedInfoField={isDeleted=false}, icon=685e92c0fa1fc05bbdf5920d}, {id=64dbc79b7c524ff621491dc5, createdAt=2023-08-15T18:44:43.783Z, updatedAt=2025-06-27T12:47:06.950Z, deletedInfoField={isDeleted=false}, formFields=[Active, Radius, Rate Modifier, Address], internalIdentifier=van, icon=683f508293b1e43050170565}, {id=64dbc7a97c524ff621491dd5, createdAt=2023-08-15T18:44:57.203Z, updatedAt=2025-06-27T12:47:07.121Z, deletedInfoField={isDeleted=false}, formFields=[Active, Rate Modifier, Address], internalIdentifier=telemedicine, icon=683f496c93b1e4305016eb25}], telemedicineCallTime=15, hsaEligible=false, competitivePrice=0, materialPrice=0, materialMarkup=0, pharmaceuticalPrice=20, pharmaceuticalMarkup=0, procedurePrice=30, memberAppFee=0, nonMemberAppFee=0, payToProvider={}, providerDeliveryFee=0, isRevTogether=false, isPharmaDirectProcedure=false, onlineOnlyProcedurePrices={basic=89, plus=89}, isMemberOnly=false, isTaxable=false, isCanadianFreeProcedure=false, deletedInfoField={isDeleted=false}, createdAt=2025-09-23T05:36:21.531Z, updatedAt=2025-10-25T15:31:43.930Z, isRevPrivateOnly=false, isBiomarkerProcedure=false, finalPrice=20, totalProductPrice=50, affiliateTotalMemberPrice=50, finalBasicMembershipPrice=50, finalPlusMembershipPrice=50, finalPrivateMembershipPrice=0, amountEligibleForRevcash=30}], totalDocs=4199, limit=10, totalPages=420, page=1, pagingCounter=1, hasPrevPage=false, hasNextPage=true, prevPage=null, nextPage=2}>

at java.base/jdk.internal.reflect.DirectConstructorHandleAccessor.newInstance(DirectConstructorHandleAccessor.java:62)
at java.base/java.lang.reflect.Constructor.newInstanceWithCaller(Constructor.java:501)
at java.base/java.lang.reflect.Constructor.newInstance(Constructor.java:485)
at org.codehaus.groovy.reflection.CachedConstructor.invoke(CachedConstructor.java:73)
at org.codehaus.groovy.runtime.callsite.ConstructorSite$ConstructorSiteNoUnwrapNoCoerce.callConstructor(ConstructorSite.java:108)
at org.codehaus.groovy.runtime.callsite.CallSiteArray.defaultCallConstructor(CallSiteArray.java:57)
at org.codehaus.groovy.runtime.callsite.AbstractCallSite.callConstructor(AbstractCallSite.java:263)
at org.codehaus.groovy.runtime.callsite.AbstractCallSite.callConstructor(AbstractCallSite.java:277)
at io.restassured.internal.ResponseSpecificationImpl$HamcrestAssertionClosure.validate(ResponseSpecificationImpl.groovy:512)
at io.restassured.internal.ResponseSpecificationImpl$HamcrestAssertionClosure$validate$1.call(Unknown Source)
at io.restassured.internal.ResponseSpecificationImpl.validateResponseIfRequired(ResponseSpecificationImpl.groovy:696)
at io.restassured.internal.ResponseSpecificationImpl.this$2$validateResponseIfRequired(ResponseSpecificationImpl.groovy)
at java.base/jdk.internal.reflect.DirectMethodHandleAccessor.invoke(DirectMethodHandleAccessor.java:103)
at java.base/java.lang.reflect.Method.invoke(Method.java:580)
at org.codehaus.groovy.runtime.callsite.PlainObjectMetaMethodSite.doInvoke(PlainObjectMetaMethodSite.java:43)
at org.codehaus.groovy.runtime.callsite.PogoMetaMethodSite$PogoCachedMethodSiteNoUnwrapNoCoerce.invoke(PogoMetaMethodSite.java:198)
at org.codehaus.groovy.runtime.callsite.PogoMetaMethodSite.callCurrent(PogoMetaMethodSite.java:62)
at org.codehaus.groovy.runtime.callsite.CallSiteArray.defaultCallCurrent(CallSiteArray.java:49)
at org.codehaus.groovy.runtime.callsite.AbstractCallSite.callCurrent(AbstractCallSite.java:171)
at org.codehaus.groovy.runtime.callsite.AbstractCallSite.callCurrent(AbstractCallSite.java:185)
at io.restassured.internal.ResponseSpecificationImpl.body(ResponseSpecificationImpl.groovy:270)
at io.restassured.specification.ResponseSpecification$body$1.callCurrent(Unknown Source)
at org.codehaus.groovy.runtime.callsite.CallSiteArray.defaultCallCurrent(CallSiteArray.java:49)
at org.codehaus.groovy.runtime.callsite.AbstractCallSite.callCurrent(AbstractCallSite.java:171)
at org.codehaus.groovy.runtime.callsite.AbstractCallSite.callCurrent(AbstractCallSite.java:212)
at io.restassured.internal.ResponseSpecificationImpl.body(ResponseSpecificationImpl.groovy:117)
at io.restassured.internal.ValidatableResponseOptionsImpl.body(ValidatableResponseOptionsImpl.java:244)
at com.rev.admin.tests.ProcedrueLoading.procedureLoadingStatusCodeAndResponseVerification(ProcedrueLoading.java:62)
at java.base/jdk.internal.reflect.DirectMethodHandleAccessor.invoke(DirectMethodHandleAccessor.java:103)
at java.base/java.lang.reflect.Method.invoke(Method.java:580)
at org.testng.internal.invokers.MethodInvocationHelper.invokeMethod(MethodInvocationHelper.java:141)
at org.testng.internal.invokers.TestInvoker.invokeMethod(TestInvoker.java:686)
at org.testng.internal.invokers.TestInvoker.invokeTestMethod(TestInvoker.java:230)
at org.testng.internal.invokers.MethodRunner.runInSequence(MethodRunner.java:63)
at org.testng.internal.invokers.TestInvoker$MethodInvocationAgent.invoke(TestInvoker.java:992)
at org.testng.internal.invokers.TestInvoker.invokeTestMethods(TestInvoker.java:203)
at org.testng.internal.invokers.TestMethodWorker.invokeTestMethods(TestMethodWorker.java:154)
at org.testng.internal.invokers.TestMethodWorker.run(TestMethodWorker.java:134)
at java.base/java.util.ArrayList.forEach(ArrayList.java:1597)
at org.testng.TestRunner.privateRun(TestRunner.java:739)
at org.testng.TestRunner.run(TestRunner.java:614)
at org.testng.SuiteRunner.runTest(SuiteRunner.java:421)
at org.testng.SuiteRunner.runSequentially(SuiteRunner.java:413)
at org.testng.SuiteRunner.privateRun(SuiteRunner.java:373)
at org.testng.SuiteRunner.run(SuiteRunner.java:312)
at org.testng.SuiteRunnerWorker.runSuite(SuiteRunnerWorker.java:52)
at org.testng.SuiteRunnerWorker.run(SuiteRunnerWorker.java:95)
at org.testng.TestNG.runSuitesSequentially(TestNG.java:1274)
at org.testng.TestNG.runSuitesLocally(TestNG.java:1208)
at org.testng.TestNG.runSuites(TestNG.java:1112)
at org.testng.TestNG.run(TestNG.java:1079)
at org.testng.remote.AbstractRemoteTestNG.run(AbstractRemoteTestNG.java:115)
at org.testng.remote.RemoteTestNG.initAndRun(RemoteTestNG.java:293)
at org.testng.remote.RemoteTestNG.main(RemoteTestNG.java:91)
]]>
    </failure>
  </testcase> <!-- procedureLoadingStatusCodeAndResponseVerification -->
</testsuite> <!-- Default test -->
