<?xml version="1.0" encoding="UTF-8"?>
<testng-results ignored="0" total="5" passed="3" failed="2" skipped="0">
  <reporter-output>
  </reporter-output>
  <suite started-at="2025-12-20T09:17:01 IST" name="Admin API Regression Suite" finished-at="2025-12-20T09:17:09 IST" duration-ms="8432">
    <groups>
    </groups>
    <test started-at="2025-12-20T09:17:01 IST" name="Admin Functional Tests - All Classes in Package" finished-at="2025-12-20T09:17:09 IST" duration-ms="8432">
      <class name="com.rev.admin.tests.VerifyProcedureUpdatePut">
        <test-method is-config="true" signature="startExtentTest(java.lang.reflect.Method)[pri:0, instance:com.rev.admin.tests.VerifyProcedureUpdatePut@1fa121e2]" started-at="2025-12-20T09:17:09 IST" name="startExtentTest" finished-at="2025-12-20T09:17:09 IST" duration-ms="1" status="PASS">
          <params>
            <param index="0">
              <value>
                <![CDATA[public void com.rev.admin.tests.VerifyProcedureUpdatePut.procedureUpdatePut()]]>
              </value>
            </param>
          </params>
          <reporter-output>
          </reporter-output>
        </test-method> <!-- startExtentTest -->
        <test-method signature="procedureUpdatePut()[pri:0, instance:com.rev.admin.tests.VerifyProcedureUpdatePut@1fa121e2]" started-at="2025-12-20T09:17:09 IST" name="procedureUpdatePut" finished-at="2025-12-20T09:17:09 IST" duration-ms="608" status="FAIL">
          <exception class="java.lang.AssertionError">
            <message>
              <![CDATA[Procedure patch failed (Status Code). expected [200] but found [404]]]>
            </message>
            <full-stacktrace>
              <![CDATA[java.lang.AssertionError: Procedure patch failed (Status Code). expected [200] but found [404]
at org.testng.Assert.fail(Assert.java:111)
at org.testng.Assert.failNotEquals(Assert.java:1590)
at org.testng.Assert.assertEqualsImpl(Assert.java:150)
at org.testng.Assert.assertEquals(Assert.java:132)
at org.testng.Assert.assertEquals(Assert.java:1431)
at org.testng.Assert.assertEquals(Assert.java:1395)
at com.rev.admin.tests.VerifyProcedureUpdatePut.procedureUpdatePut(VerifyProcedureUpdatePut.java:25)
at java.base/jdk.internal.reflect.NativeMethodAccessorImpl.invoke0(Native Method)
at java.base/jdk.internal.reflect.NativeMethodAccessorImpl.invoke(NativeMethodAccessorImpl.java:77)
at java.base/jdk.internal.reflect.DelegatingMethodAccessorImpl.invoke(DelegatingMethodAccessorImpl.java:43)
at java.base/java.lang.reflect.Method.invoke(Method.java:568)
at org.testng.internal.invokers.MethodInvocationHelper.invokeMethod(MethodInvocationHelper.java:141)
at org.testng.internal.invokers.TestInvoker.invokeMethod(TestInvoker.java:687)
at org.testng.internal.invokers.TestInvoker.invokeTestMethod(TestInvoker.java:230)
at org.testng.internal.invokers.MethodRunner.runInSequence(MethodRunner.java:63)
at org.testng.internal.invokers.TestInvoker$MethodInvocationAgent.invoke(TestInvoker.java:995)
at org.testng.internal.invokers.TestInvoker.invokeTestMethods(TestInvoker.java:203)
at org.testng.internal.invokers.TestMethodWorker.invokeTestMethods(TestMethodWorker.java:154)
at org.testng.internal.invokers.TestMethodWorker.run(TestMethodWorker.java:134)
at java.base/java.util.ArrayList.forEach(ArrayList.java:1511)
at org.testng.TestRunner.privateRun(TestRunner.java:741)
at org.testng.TestRunner.run(TestRunner.java:616)
at org.testng.SuiteRunner.runTest(SuiteRunner.java:421)
at org.testng.SuiteRunner.runSequentially(SuiteRunner.java:413)
at org.testng.SuiteRunner.privateRun(SuiteRunner.java:373)
at org.testng.SuiteRunner.run(SuiteRunner.java:312)
at org.testng.SuiteRunnerWorker.runSuite(SuiteRunnerWorker.java:52)
at org.testng.SuiteRunnerWorker.run(SuiteRunnerWorker.java:95)
at org.testng.TestNG.runSuitesSequentially(TestNG.java:1274)
at org.testng.TestNG.runSuitesLocally(TestNG.java:1208)
at org.testng.TestNG.runSuites(TestNG.java:1112)
at org.testng.TestNG.run(TestNG.java:1079)
at org.testng.remote.AbstractRemoteTestNG.run(AbstractRemoteTestNG.java:115)
at org.testng.remote.RemoteTestNG.initAndRun(RemoteTestNG.java:293)
at org.testng.remote.RemoteTestNG.main(RemoteTestNG.java:91)
]]>
            </full-stacktrace>
          </exception> <!-- java.lang.AssertionError -->
          <reporter-output>
          </reporter-output>
        </test-method> <!-- procedureUpdatePut -->
        <test-method is-config="true" signature="endExtentTest(org.testng.ITestResult)[pri:0, instance:com.rev.admin.tests.VerifyProcedureUpdatePut@1fa121e2]" started-at="2025-12-20T09:17:09 IST" name="endExtentTest" finished-at="2025-12-20T09:17:09 IST" duration-ms="0" status="PASS">
          <params>
            <param index="0">
              <value>
                <![CDATA[[TestResult name=procedureUpdatePut status=FAILURE method=VerifyProcedureUpdatePut.procedureUpdatePut()[pri:0, instance:com.rev.admin.tests.VerifyProcedureUpdatePut@1fa121e2] output={null}]]]>
              </value>
            </param>
          </params>
          <reporter-output>
          </reporter-output>
        </test-method> <!-- endExtentTest -->
      </class> <!-- com.rev.admin.tests.VerifyProcedureUpdatePut -->
      <class name="com.rev.admin.tests.VerifyProcedureUpdatePatch">
        <test-method is-config="true" signature="startExtentTest(java.lang.reflect.Method)[pri:0, instance:com.rev.admin.tests.VerifyProcedureUpdatePatch@3cd3e762]" started-at="2025-12-20T09:17:07 IST" name="startExtentTest" finished-at="2025-12-20T09:17:07 IST" duration-ms="1" status="PASS">
          <params>
            <param index="0">
              <value>
                <![CDATA[public void com.rev.admin.tests.VerifyProcedureUpdatePatch.procedurePartialUpdatePatch()]]>
              </value>
            </param>
          </params>
          <reporter-output>
          </reporter-output>
        </test-method> <!-- startExtentTest -->
        <test-method signature="procedurePartialUpdatePatch()[pri:0, instance:com.rev.admin.tests.VerifyProcedureUpdatePatch@3cd3e762]" started-at="2025-12-20T09:17:07 IST" name="procedurePartialUpdatePatch" finished-at="2025-12-20T09:17:07 IST" duration-ms="655" status="FAIL">
          <exception class="java.lang.AssertionError">
            <message>
              <![CDATA[Procedure partial update failed (Status Code). expected [200] but found [500]]]>
            </message>
            <full-stacktrace>
              <![CDATA[java.lang.AssertionError: Procedure partial update failed (Status Code). expected [200] but found [500]
at org.testng.Assert.fail(Assert.java:111)
at org.testng.Assert.failNotEquals(Assert.java:1590)
at org.testng.Assert.assertEqualsImpl(Assert.java:150)
at org.testng.Assert.assertEquals(Assert.java:132)
at org.testng.Assert.assertEquals(Assert.java:1431)
at org.testng.Assert.assertEquals(Assert.java:1395)
at com.rev.admin.tests.VerifyProcedureUpdatePatch.procedurePartialUpdatePatch(VerifyProcedureUpdatePatch.java:79)
at java.base/jdk.internal.reflect.NativeMethodAccessorImpl.invoke0(Native Method)
at java.base/jdk.internal.reflect.NativeMethodAccessorImpl.invoke(NativeMethodAccessorImpl.java:77)
at java.base/jdk.internal.reflect.DelegatingMethodAccessorImpl.invoke(DelegatingMethodAccessorImpl.java:43)
at java.base/java.lang.reflect.Method.invoke(Method.java:568)
at org.testng.internal.invokers.MethodInvocationHelper.invokeMethod(MethodInvocationHelper.java:141)
at org.testng.internal.invokers.TestInvoker.invokeMethod(TestInvoker.java:687)
at org.testng.internal.invokers.TestInvoker.invokeTestMethod(TestInvoker.java:230)
at org.testng.internal.invokers.MethodRunner.runInSequence(MethodRunner.java:63)
at org.testng.internal.invokers.TestInvoker$MethodInvocationAgent.invoke(TestInvoker.java:995)
at org.testng.internal.invokers.TestInvoker.invokeTestMethods(TestInvoker.java:203)
at org.testng.internal.invokers.TestMethodWorker.invokeTestMethods(TestMethodWorker.java:154)
at org.testng.internal.invokers.TestMethodWorker.run(TestMethodWorker.java:134)
at java.base/java.util.ArrayList.forEach(ArrayList.java:1511)
at org.testng.TestRunner.privateRun(TestRunner.java:741)
at org.testng.TestRunner.run(TestRunner.java:616)
at org.testng.SuiteRunner.runTest(SuiteRunner.java:421)
at org.testng.SuiteRunner.runSequentially(SuiteRunner.java:413)
at org.testng.SuiteRunner.privateRun(SuiteRunner.java:373)
at org.testng.SuiteRunner.run(SuiteRunner.java:312)
at org.testng.SuiteRunnerWorker.runSuite(SuiteRunnerWorker.java:52)
at org.testng.SuiteRunnerWorker.run(SuiteRunnerWorker.java:95)
at org.testng.TestNG.runSuitesSequentially(TestNG.java:1274)
at org.testng.TestNG.runSuitesLocally(TestNG.java:1208)
at org.testng.TestNG.runSuites(TestNG.java:1112)
at org.testng.TestNG.run(TestNG.java:1079)
at org.testng.remote.AbstractRemoteTestNG.run(AbstractRemoteTestNG.java:115)
at org.testng.remote.RemoteTestNG.initAndRun(RemoteTestNG.java:293)
at org.testng.remote.RemoteTestNG.main(RemoteTestNG.java:91)
]]>
            </full-stacktrace>
          </exception> <!-- java.lang.AssertionError -->
          <reporter-output>
          </reporter-output>
        </test-method> <!-- procedurePartialUpdatePatch -->
        <test-method is-config="true" signature="endExtentTest(org.testng.ITestResult)[pri:0, instance:com.rev.admin.tests.VerifyProcedureUpdatePatch@3cd3e762]" started-at="2025-12-20T09:17:07 IST" name="endExtentTest" finished-at="2025-12-20T09:17:07 IST" duration-ms="1" status="PASS">
          <params>
            <param index="0">
              <value>
                <![CDATA[[TestResult name=procedurePartialUpdatePatch status=FAILURE method=VerifyProcedureUpdatePatch.procedurePartialUpdatePatch()[pri:0, instance:com.rev.admin.tests.VerifyProcedureUpdatePatch@3cd3e762] output={null}]]]>
              </value>
            </param>
          </params>
          <reporter-output>
          </reporter-output>
        </test-method> <!-- endExtentTest -->
        <test-method is-config="true" signature="startExtentTest(java.lang.reflect.Method)[pri:0, instance:com.rev.admin.tests.VerifyProcedureUpdatePatch@3cd3e762]" started-at="2025-12-20T09:17:07 IST" name="startExtentTest" finished-at="2025-12-20T09:17:07 IST" duration-ms="1" status="PASS">
          <params>
            <param index="0">
              <value>
                <![CDATA[public void com.rev.admin.tests.VerifyProcedureUpdatePatch.procedureUpdatePatch()]]>
              </value>
            </param>
          </params>
          <reporter-output>
          </reporter-output>
        </test-method> <!-- startExtentTest -->
        <test-method signature="procedureUpdatePatch()[pri:0, instance:com.rev.admin.tests.VerifyProcedureUpdatePatch@3cd3e762]" started-at="2025-12-20T09:17:07 IST" name="procedureUpdatePatch" finished-at="2025-12-20T09:17:09 IST" duration-ms="1198" status="PASS">
          <reporter-output>
          </reporter-output>
        </test-method> <!-- procedureUpdatePatch -->
        <test-method is-config="true" signature="endExtentTest(org.testng.ITestResult)[pri:0, instance:com.rev.admin.tests.VerifyProcedureUpdatePatch@3cd3e762]" started-at="2025-12-20T09:17:09 IST" name="endExtentTest" finished-at="2025-12-20T09:17:09 IST" duration-ms="0" status="PASS">
          <params>
            <param index="0">
              <value>
                <![CDATA[[TestResult name=procedureUpdatePatch status=SUCCESS method=VerifyProcedureUpdatePatch.procedureUpdatePatch()[pri:0, instance:com.rev.admin.tests.VerifyProcedureUpdatePatch@3cd3e762] output={null}]]]>
              </value>
            </param>
          </params>
          <reporter-output>
          </reporter-output>
        </test-method> <!-- endExtentTest -->
      </class> <!-- com.rev.admin.tests.VerifyProcedureUpdatePatch -->
      <class name="com.rev.admin.tests.AdminLoginTest">
        <test-method is-config="true" signature="initReport()[pri:0, instance:com.rev.admin.tests.AdminLoginTest@3eb738bb]" started-at="2025-12-20T09:16:54 IST" name="initReport" finished-at="2025-12-20T09:16:54 IST" duration-ms="384" status="PASS">
          <reporter-output>
          </reporter-output>
        </test-method> <!-- initReport -->
        <test-method is-config="true" signature="setUpFrontTokeAndCookie()[pri:0, instance:com.rev.admin.tests.AdminLoginTest@3eb738bb]" started-at="2025-12-20T09:16:54 IST" name="setUpFrontTokeAndCookie" finished-at="2025-12-20T09:17:01 IST" duration-ms="6228" status="PASS">
          <reporter-output>
          </reporter-output>
        </test-method> <!-- setUpFrontTokeAndCookie -->
        <test-method is-config="true" signature="startExtentTest(java.lang.reflect.Method)[pri:0, instance:com.rev.admin.tests.AdminLoginTest@3eb738bb]" started-at="2025-12-20T09:17:01 IST" name="startExtentTest" finished-at="2025-12-20T09:17:01 IST" duration-ms="8" status="PASS">
          <params>
            <param index="0">
              <value>
                <![CDATA[public void com.rev.admin.tests.AdminLoginTest.adminLoginWithOtpTest()]]>
              </value>
            </param>
          </params>
          <reporter-output>
          </reporter-output>
        </test-method> <!-- startExtentTest -->
        <test-method signature="adminLoginWithOtpTest()[pri:0, instance:com.rev.admin.tests.AdminLoginTest@3eb738bb]" started-at="2025-12-20T09:17:01 IST" name="adminLoginWithOtpTest" finished-at="2025-12-20T09:17:06 IST" duration-ms="4901" status="PASS">
          <reporter-output>
          </reporter-output>
        </test-method> <!-- adminLoginWithOtpTest -->
        <test-method is-config="true" signature="endExtentTest(org.testng.ITestResult)[pri:0, instance:com.rev.admin.tests.AdminLoginTest@3eb738bb]" started-at="2025-12-20T09:17:06 IST" name="endExtentTest" finished-at="2025-12-20T09:17:06 IST" duration-ms="1" status="PASS">
          <params>
            <param index="0">
              <value>
                <![CDATA[[TestResult name=adminLoginWithOtpTest status=SUCCESS method=AdminLoginTest.adminLoginWithOtpTest()[pri:0, instance:com.rev.admin.tests.AdminLoginTest@3eb738bb] output={null}]]]>
              </value>
            </param>
          </params>
          <reporter-output>
          </reporter-output>
        </test-method> <!-- endExtentTest -->
        <test-method is-config="true" signature="tearDownReport()[pri:0, instance:com.rev.admin.tests.AdminLoginTest@3eb738bb]" started-at="2025-12-20T09:17:09 IST" name="tearDownReport" finished-at="2025-12-20T09:17:10 IST" duration-ms="310" status="PASS">
          <reporter-output>
          </reporter-output>
        </test-method> <!-- tearDownReport -->
      </class> <!-- com.rev.admin.tests.AdminLoginTest -->
      <class name="com.rev.admin.tests.ProcedrueLoading">
        <test-method is-config="true" signature="startExtentTest(java.lang.reflect.Method)[pri:0, instance:com.rev.admin.tests.ProcedrueLoading@3b0090a4]" started-at="2025-12-20T09:17:06 IST" name="startExtentTest" finished-at="2025-12-20T09:17:06 IST" duration-ms="0" status="PASS">
          <params>
            <param index="0">
              <value>
                <![CDATA[public void com.rev.admin.tests.ProcedrueLoading.procedureLoadingStatusCodeAndResposeVerification()]]>
              </value>
            </param>
          </params>
          <reporter-output>
          </reporter-output>
        </test-method> <!-- startExtentTest -->
        <test-method signature="procedureLoadingStatusCodeAndResposeVerification()[pri:0, instance:com.rev.admin.tests.ProcedrueLoading@3b0090a4]" started-at="2025-12-20T09:17:06 IST" name="procedureLoadingStatusCodeAndResposeVerification" finished-at="2025-12-20T09:17:07 IST" duration-ms="1007" status="PASS">
          <reporter-output>
          </reporter-output>
        </test-method> <!-- procedureLoadingStatusCodeAndResposeVerification -->
        <test-method is-config="true" signature="endExtentTest(org.testng.ITestResult)[pri:0, instance:com.rev.admin.tests.ProcedrueLoading@3b0090a4]" started-at="2025-12-20T09:17:07 IST" name="endExtentTest" finished-at="2025-12-20T09:17:07 IST" duration-ms="2" status="PASS">
          <params>
            <param index="0">
              <value>
                <![CDATA[[TestResult name=procedureLoadingStatusCodeAndResposeVerification status=SUCCESS method=ProcedrueLoading.procedureLoadingStatusCodeAndResposeVerification()[pri:0, instance:com.rev.admin.tests.ProcedrueLoading@3b0090a4] output={null}]]]>
              </value>
            </param>
          </params>
          <reporter-output>
          </reporter-output>
        </test-method> <!-- endExtentTest -->
      </class> <!-- com.rev.admin.tests.ProcedrueLoading -->
    </test> <!-- Admin Functional Tests - All Classes in Package -->
  </suite> <!-- Admin API Regression Suite -->
</testng-results>
