<?xml version="1.0" encoding="UTF-8"?>
<!-- Generated by org.testng.reporters.JUnitXMLReporter -->
<testsuite ignored="9" hostname="DESKTOP-CV85T7O" failures="2" tests="5" name="Admin Functional Tests - All Classes in Package" time="9.395" errors="0" timestamp="2025-11-22T14:22:12 IST">
  <testcase classname="com.rev.admin.tests.AdminLoginTest" name="adminLoginWithOtpTest" time="4.27"/>
  <testcase classname="com.rev.admin.tests.ProcedrueLoading" name="procedureLoadingStatusCodeAndResposeVerification" time="1.514"/>
  <testcase classname="com.rev.admin.tests.VerifyProcedureUpdatePatch" name="procedurePartialUpdatePatch" time="0.995">
    <failure type="java.lang.AssertionError" message="Procedure partial update failed (Status Code). expected [200] but found [500]">
      <![CDATA[java.lang.AssertionError: Procedure partial update failed (Status Code). expected [200] but found [500]
at com.rev.admin.tests.VerifyProcedureUpdatePatch.procedurePartialUpdatePatch(VerifyProcedureUpdatePatch.java:79)
at java.base/java.util.ArrayList.forEach(ArrayList.java:1511)
... Removed 33 stack frames]]>
    </failure>
  </testcase> <!-- procedurePartialUpdatePatch -->
  <testcase classname="com.rev.admin.tests.VerifyProcedureUpdatePatch" name="procedureUpdatePatch" time="1.609"/>
  <testcase classname="com.rev.admin.tests.VerifyProcedureUpdatePut" name="procedureUpdatePut" time="0.935">
    <failure type="java.lang.AssertionError" message="Procedure patch failed (Status Code). expected [200] but found [404]">
      <![CDATA[java.lang.AssertionError: Procedure patch failed (Status Code). expected [200] but found [404]
at com.rev.admin.tests.VerifyProcedureUpdatePut.procedureUpdatePut(VerifyProcedureUpdatePut.java:25)
at java.base/java.util.ArrayList.forEach(ArrayList.java:1511)
... Removed 33 stack frames]]>
    </failure>
  </testcase> <!-- procedureUpdatePut -->
  <testcase classname="com.rev.admin.base.BaseTest" name="@BeforeSuite initReport" time="0.0">
    <ignored/>
  </testcase> <!-- @BeforeSuite initReport -->
  <testcase classname="com.rev.admin.base.BaseTest" name="@AfterSuite tearDownReport" time="0.0">
    <ignored/>
  </testcase> <!-- @AfterSuite tearDownReport -->
  <testcase classname="com.rev.admin.base.BaseTest" name="@BeforeSuite setUpFrontTokeAndCookie" time="0.0">
    <ignored/>
  </testcase> <!-- @BeforeSuite setUpFrontTokeAndCookie -->
  <testcase classname="com.rev.admin.base.BaseTest" name="@AfterSuite tearDownReport" time="0.0">
    <ignored/>
  </testcase> <!-- @AfterSuite tearDownReport -->
  <testcase classname="com.rev.admin.base.BaseTest" name="@BeforeSuite initReport" time="0.0">
    <ignored/>
  </testcase> <!-- @BeforeSuite initReport -->
  <testcase classname="com.rev.admin.base.BaseTest" name="@AfterSuite tearDownReport" time="0.0">
    <ignored/>
  </testcase> <!-- @AfterSuite tearDownReport -->
  <testcase classname="com.rev.admin.base.BaseTest" name="@BeforeSuite setUpFrontTokeAndCookie" time="0.0">
    <ignored/>
  </testcase> <!-- @BeforeSuite setUpFrontTokeAndCookie -->
  <testcase classname="com.rev.admin.base.BaseTest" name="@BeforeSuite setUpFrontTokeAndCookie" time="0.0">
    <ignored/>
  </testcase> <!-- @BeforeSuite setUpFrontTokeAndCookie -->
  <testcase classname="com.rev.admin.base.BaseTest" name="@BeforeSuite initReport" time="0.0">
    <ignored/>
  </testcase> <!-- @BeforeSuite initReport -->
</testsuite> <!-- Admin Functional Tests - All Classes in Package -->
